TN:
SF:controllers/absenceAlertController.js
FN:9,(anonymous_0)
FN:52,(anonymous_1)
FN:95,(anonymous_2)
FN:99,(anonymous_3)
FN:100,(anonymous_4)
FN:121,(anonymous_5)
FN:141,(anonymous_6)
FN:156,(anonymous_7)
FN:166,(anonymous_8)
FN:188,(anonymous_9)
FN:204,(anonymous_10)
FN:238,(anonymous_11)
FN:261,(anonymous_12)
FN:289,(anonymous_13)
FN:325,(anonymous_14)
FN:371,(anonymous_15)
FNF:16
FNH:0
FNDA:0,(anonymous_0)
FNDA:0,(anonymous_1)
FNDA:0,(anonymous_2)
FNDA:0,(anonymous_3)
FNDA:0,(anonymous_4)
FNDA:0,(anonymous_5)
FNDA:0,(anonymous_6)
FNDA:0,(anonymous_7)
FNDA:0,(anonymous_8)
FNDA:0,(anonymous_9)
FNDA:0,(anonymous_10)
FNDA:0,(anonymous_11)
FNDA:0,(anonymous_12)
FNDA:0,(anonymous_13)
FNDA:0,(anonymous_14)
FNDA:0,(anonymous_15)
DA:1,17
DA:2,17
DA:3,17
DA:4,17
DA:9,17
DA:10,0
DA:11,0
DA:14,0
DA:17,0
DA:18,0
DA:25,0
DA:26,0
DA:33,0
DA:35,0
DA:41,0
DA:52,17
DA:53,0
DA:54,0
DA:56,0
DA:59,0
DA:60,0
DA:61,0
DA:62,0
DA:64,0
DA:71,0
DA:73,0
DA:84,0
DA:95,17
DA:96,0
DA:97,0
DA:99,0
DA:100,0
DA:101,0
DA:104,0
DA:110,0
DA:121,17
DA:122,0
DA:123,0
DA:125,0
DA:130,0
DA:141,17
DA:142,0
DA:143,0
DA:145,0
DA:147,0
DA:148,0
DA:155,0
DA:156,0
DA:159,0
DA:160,0
DA:161,0
DA:162,0
DA:166,0
DA:167,0
DA:168,0
DA:171,0
DA:177,0
DA:188,17
DA:189,0
DA:190,0
DA:191,0
DA:193,0
DA:195,0
DA:196,0
DA:203,0
DA:204,0
DA:207,0
DA:208,0
DA:209,0
DA:212,0
DA:219,0
DA:221,0
DA:227,0
DA:238,17
DA:239,0
DA:240,0
DA:241,0
DA:243,0
DA:247,0
DA:248,0
DA:256,0
DA:257,0
DA:258,0
DA:261,0
DA:262,0
DA:263,0
DA:266,0
DA:272,0
DA:278,0
DA:289,17
DA:290,0
DA:291,0
DA:293,0
DA:295,0
DA:296,0
DA:302,0
DA:303,0
DA:304,0
DA:306,0
DA:308,0
DA:314,0
DA:325,17
DA:326,0
DA:327,0
DA:329,0
DA:330,0
DA:332,0
DA:333,0
DA:334,0
DA:337,0
DA:344,0
DA:349,0
DA:360,0
DA:371,17
DA:372,0
DA:373,0
DA:376,0
DA:382,0
DA:383,0
DA:385,0
DA:388,0
DA:389,0
DA:391,0
DA:392,0
DA:393,0
DA:394,0
DA:396,0
DA:400,0
DA:410,0
LF:129
LH:14
BRDA:17,0,0,0
BRDA:17,0,1,0
BRDA:25,1,0,0
BRDA:25,1,1,0
BRDA:54,2,0,0
BRDA:54,3,0,0
BRDA:59,4,0,0
BRDA:59,4,1,0
BRDA:60,5,0,0
BRDA:60,5,1,0
BRDA:61,6,0,0
BRDA:61,6,1,0
BRDA:62,7,0,0
BRDA:62,7,1,0
BRDA:101,8,0,0
BRDA:101,8,1,0
BRDA:147,9,0,0
BRDA:147,9,1,0
BRDA:159,10,0,0
BRDA:159,10,1,0
BRDA:167,11,0,0
BRDA:167,11,1,0
BRDA:195,12,0,0
BRDA:195,12,1,0
BRDA:207,13,0,0
BRDA:207,13,1,0
BRDA:247,14,0,0
BRDA:247,14,1,0
BRDA:258,15,0,0
BRDA:258,15,1,0
BRDA:295,16,0,0
BRDA:295,16,1,0
BRDA:330,17,0,0
BRDA:330,17,1,0
BRDA:382,18,0,0
BRDA:382,18,1,0
BRDA:383,19,0,0
BRDA:383,19,1,0
BRF:38
BRH:0
end_of_record
TN:
SF:controllers/academicRecordController.js
FN:7,(anonymous_0)
FN:64,(anonymous_1)
FN:118,(anonymous_2)
FN:162,(anonymous_3)
FN:228,(anonymous_4)
FN:271,(anonymous_5)
FN:316,(anonymous_6)
FN:357,(anonymous_7)
FN:406,(anonymous_8)
FN:444,(anonymous_9)
FN:482,(anonymous_10)
FN:522,(anonymous_11)
FN:570,(anonymous_12)
FN:594,(anonymous_13)
FN:619,(anonymous_14)
FN:671,(anonymous_15)
FN:701,(anonymous_16)
FN:722,(anonymous_17)
FNF:18
FNH:0
FNDA:0,(anonymous_0)
FNDA:0,(anonymous_1)
FNDA:0,(anonymous_2)
FNDA:0,(anonymous_3)
FNDA:0,(anonymous_4)
FNDA:0,(anonymous_5)
FNDA:0,(anonymous_6)
FNDA:0,(anonymous_7)
FNDA:0,(anonymous_8)
FNDA:0,(anonymous_9)
FNDA:0,(anonymous_10)
FNDA:0,(anonymous_11)
FNDA:0,(anonymous_12)
FNDA:0,(anonymous_13)
FNDA:0,(anonymous_14)
FNDA:0,(anonymous_15)
FNDA:0,(anonymous_16)
FNDA:0,(anonymous_17)
DA:1,17
DA:2,17
DA:7,17
DA:8,0
DA:16,0
DA:19,0
DA:20,0
DA:21,0
DA:27,0
DA:45,0
DA:47,0
DA:53,0
DA:64,17
DA:65,0
DA:66,0
DA:68,0
DA:70,0
DA:71,0
DA:72,0
DA:73,0
DA:76,0
DA:77,0
DA:80,0
DA:81,0
DA:82,0
DA:83,0
DA:84,0
DA:86,0
DA:94,0
DA:96,0
DA:107,0
DA:118,17
DA:119,0
DA:120,0
DA:125,0
DA:126,0
DA:132,0
DA:133,0
DA:139,0
DA:140,0
DA:146,0
DA:151,0
DA:162,17
DA:163,0
DA:164,0
DA:166,0
DA:168,0
DA:169,0
DA:175,0
DA:176,0
DA:182,0
DA:183,0
DA:189,0
DA:190,0
DA:196,0
DA:197,0
DA:205,0
DA:206,0
DA:208,0
DA:209,0
DA:211,0
DA:217,0
DA:228,17
DA:229,0
DA:230,0
DA:232,0
DA:233,0
DA:239,0
DA:240,0
DA:246,0
DA:247,0
DA:253,0
DA:255,0
DA:260,0
DA:271,17
DA:272,0
DA:273,0
DA:275,0
DA:276,0
DA:282,0
DA:283,0
DA:289,0
DA:290,0
DA:296,0
DA:297,0
DA:299,0
DA:305,0
DA:316,17
DA:317,0
DA:318,0
DA:320,0
DA:321,0
DA:327,0
DA:328,0
DA:334,0
DA:335,0
DA:336,0
DA:337,0
DA:338,0
DA:340,0
DA:346,0
DA:357,17
DA:358,0
DA:359,0
DA:361,0
DA:362,0
DA:368,0
DA:370,0
DA:371,0
DA:377,0
DA:378,0
DA:384,0
DA:385,0
DA:386,0
DA:387,0
DA:389,0
DA:395,0
DA:406,17
DA:407,0
DA:408,0
DA:410,0
DA:411,0
DA:417,0
DA:418,0
DA:424,0
DA:425,0
DA:427,0
DA:433,0
DA:444,17
DA:445,0
DA:446,0
DA:448,0
DA:449,0
DA:455,0
DA:456,0
DA:462,0
DA:463,0
DA:465,0
DA:471,0
DA:482,17
DA:483,0
DA:484,0
DA:486,0
DA:488,0
DA:489,0
DA:491,0
DA:498,0
DA:500,0
DA:511,0
DA:522,17
DA:523,0
DA:524,0
DA:526,0
DA:527,0
DA:528,0
DA:529,0
DA:531,0
DA:538,0
DA:539,0
DA:545,0
DA:546,0
DA:552,0
DA:554,0
DA:559,0
DA:570,17
DA:571,0
DA:572,0
DA:574,0
DA:580,0
DA:582,0
DA:585,0
DA:592,0
DA:593,0
DA:594,0
DA:595,0
DA:596,0
DA:597,0
DA:600,0
DA:603,0
DA:608,0
DA:619,17
DA:620,0
DA:621,0
DA:623,0
DA:624,0
DA:625,0
DA:626,0
DA:628,0
DA:635,0
DA:636,0
DA:642,0
DA:643,0
DA:649,0
DA:655,0
DA:660,0
DA:671,17
DA:672,0
DA:673,0
DA:675,0
DA:676,0
DA:682,0
DA:684,0
DA:690,0
DA:701,17
DA:702,0
DA:703,0
DA:705,0
DA:712,0
DA:713,0
DA:716,0
DA:721,0
DA:722,0
DA:723,0
DA:724,0
DA:725,0
DA:731,0
DA:734,0
DA:736,0
DA:741,0
LF:219
LH:18
BRDA:20,0,0,0
BRDA:20,0,1,0
BRDA:34,1,0,0
BRDA:34,1,1,0
BRDA:35,2,0,0
BRDA:35,2,1,0
BRDA:36,3,0,0
BRDA:36,3,1,0
BRDA:37,4,0,0
BRDA:37,4,1,0
BRDA:38,5,0,0
BRDA:38,5,1,0
BRDA:66,6,0,0
BRDA:66,7,0,0
BRDA:70,8,0,0
BRDA:70,8,1,0
BRDA:72,9,0,0
BRDA:72,9,1,0
BRDA:76,10,0,0
BRDA:76,10,1,0
BRDA:80,11,0,0
BRDA:80,11,1,0
BRDA:81,12,0,0
BRDA:81,12,1,0
BRDA:82,13,0,0
BRDA:82,13,1,0
BRDA:83,14,0,0
BRDA:83,14,1,0
BRDA:84,15,0,0
BRDA:84,15,1,0
BRDA:125,16,0,0
BRDA:125,16,1,0
BRDA:132,17,0,0
BRDA:132,17,1,0
BRDA:132,18,0,0
BRDA:132,18,1,0
BRDA:139,19,0,0
BRDA:139,19,1,0
BRDA:139,20,0,0
BRDA:139,20,1,0
BRDA:168,21,0,0
BRDA:168,21,1,0
BRDA:175,22,0,0
BRDA:175,22,1,0
BRDA:175,23,0,0
BRDA:175,23,1,0
BRDA:182,24,0,0
BRDA:182,24,1,0
BRDA:182,25,0,0
BRDA:182,25,1,0
BRDA:189,26,0,0
BRDA:189,26,1,0
BRDA:189,27,0,0
BRDA:189,27,1,0
BRDA:196,28,0,0
BRDA:196,28,1,0
BRDA:198,29,0,0
BRDA:198,29,1,0
BRDA:199,30,0,0
BRDA:199,30,1,0
BRDA:200,31,0,0
BRDA:200,31,1,0
BRDA:201,32,0,0
BRDA:201,32,1,0
BRDA:202,33,0,0
BRDA:202,33,1,0
BRDA:205,34,0,0
BRDA:205,34,1,0
BRDA:206,35,0,0
BRDA:206,35,1,0
BRDA:206,36,0,0
BRDA:206,36,1,0
BRDA:232,37,0,0
BRDA:232,37,1,0
BRDA:239,38,0,0
BRDA:239,38,1,0
BRDA:239,39,0,0
BRDA:239,39,1,0
BRDA:246,40,0,0
BRDA:246,40,1,0
BRDA:275,41,0,0
BRDA:275,41,1,0
BRDA:282,42,0,0
BRDA:282,42,1,0
BRDA:282,43,0,0
BRDA:282,43,1,0
BRDA:289,44,0,0
BRDA:289,44,1,0
BRDA:289,45,0,0
BRDA:289,45,1,0
BRDA:320,46,0,0
BRDA:320,46,1,0
BRDA:327,47,0,0
BRDA:327,47,1,0
BRDA:361,48,0,0
BRDA:361,48,1,0
BRDA:370,49,0,0
BRDA:370,49,1,0
BRDA:377,50,0,0
BRDA:377,50,1,0
BRDA:410,51,0,0
BRDA:410,51,1,0
BRDA:417,52,0,0
BRDA:417,52,1,0
BRDA:448,53,0,0
BRDA:448,53,1,0
BRDA:455,54,0,0
BRDA:455,54,1,0
BRDA:484,55,0,0
BRDA:484,56,0,0
BRDA:488,57,0,0
BRDA:488,57,1,0
BRDA:489,58,0,0
BRDA:489,58,1,0
BRDA:527,59,0,0
BRDA:527,59,1,0
BRDA:528,60,0,0
BRDA:528,60,1,0
BRDA:538,61,0,0
BRDA:538,61,1,0
BRDA:538,62,0,0
BRDA:538,62,1,0
BRDA:545,63,0,0
BRDA:545,63,1,0
BRDA:545,64,0,0
BRDA:545,64,1,0
BRDA:580,65,0,0
BRDA:580,65,1,0
BRDA:592,66,0,0
BRDA:592,66,1,0
BRDA:596,67,0,0
BRDA:596,67,1,0
BRDA:597,68,0,0
BRDA:597,68,1,0
BRDA:624,69,0,0
BRDA:624,69,1,0
BRDA:625,70,0,0
BRDA:625,70,1,0
BRDA:635,71,0,0
BRDA:635,71,1,0
BRDA:635,72,0,0
BRDA:635,72,1,0
BRDA:642,73,0,0
BRDA:642,73,1,0
BRDA:642,74,0,0
BRDA:642,74,1,0
BRDA:675,75,0,0
BRDA:675,75,1,0
BRDA:675,76,0,0
BRDA:675,76,1,0
BRDA:712,77,0,0
BRDA:712,77,1,0
BRDA:724,78,0,0
BRDA:724,78,1,0
BRF:154
BRH:0
end_of_record
TN:
SF:controllers/academicYearController.js
FN:6,(anonymous_0)
FN:47,(anonymous_1)
FN:86,(anonymous_2)
FN:115,(anonymous_3)
FN:154,(anonymous_4)
FN:190,(anonymous_5)
FN:220,(anonymous_6)
FN:247,(anonymous_7)
FN:261,(anonymous_8)
FNF:9
FNH:0
FNDA:0,(anonymous_0)
FNDA:0,(anonymous_1)
FNDA:0,(anonymous_2)
FNDA:0,(anonymous_3)
FNDA:0,(anonymous_4)
FNDA:0,(anonymous_5)
FNDA:0,(anonymous_6)
FNDA:0,(anonymous_7)
FNDA:0,(anonymous_8)
DA:1,17
DA:6,17
DA:7,0
DA:8,0
DA:11,0
DA:12,0
DA:13,0
DA:19,0
DA:28,0
DA:30,0
DA:36,0
DA:47,17
DA:48,0
DA:49,0
DA:51,0
DA:52,0
DA:53,0
DA:55,0
DA:62,0
DA:64,0
DA:75,0
DA:86,17
DA:87,0
DA:88,0
DA:92,0
DA:93,0
DA:99,0
DA:104,0
DA:115,17
DA:116,0
DA:117,0
DA:119,0
DA:121,0
DA:122,0
DA:128,0
DA:129,0
DA:130,0
DA:131,0
DA:132,0
DA:133,0
DA:135,0
DA:137,0
DA:143,0
DA:154,17
DA:155,0
DA:156,0
DA:158,0
DA:159,0
DA:165,0
DA:166,0
DA:172,0
DA:174,0
DA:179,0
DA:190,17
DA:191,0
DA:192,0
DA:194,0
DA:195,0
DA:201,0
DA:203,0
DA:209,0
DA:220,17
DA:221,0
DA:222,0
DA:224,0
DA:225,0
DA:231,0
DA:236,0
DA:247,17
DA:248,0
DA:249,0
DA:250,0
DA:252,0
DA:254,0
DA:255,0
DA:261,0
DA:262,0
DA:263,0
DA:269,0
DA:270,0
DA:271,0
DA:272,0
DA:273,0
DA:275,0
DA:276,0
DA:278,0
DA:284,0
LF:87
LH:9
BRDA:12,0,0,0
BRDA:12,0,1,0
BRDA:49,1,0,0
BRDA:49,2,0,0
BRDA:52,3,0,0
BRDA:52,3,1,0
BRDA:53,4,0,0
BRDA:53,4,1,0
BRDA:92,5,0,0
BRDA:92,5,1,0
BRDA:121,6,0,0
BRDA:121,6,1,0
BRDA:128,7,0,0
BRDA:128,7,1,0
BRDA:129,8,0,0
BRDA:129,8,1,0
BRDA:130,9,0,0
BRDA:130,9,1,0
BRDA:131,10,0,0
BRDA:131,10,1,0
BRDA:132,11,0,0
BRDA:132,11,1,0
BRDA:158,12,0,0
BRDA:158,12,1,0
BRDA:165,13,0,0
BRDA:165,13,1,0
BRDA:194,14,0,0
BRDA:194,14,1,0
BRDA:224,15,0,0
BRDA:224,15,1,0
BRDA:254,16,0,0
BRDA:254,16,1,0
BRDA:262,17,0,0
BRDA:262,17,1,0
BRDA:269,18,0,0
BRDA:269,18,1,0
BRDA:270,19,0,0
BRDA:270,19,1,0
BRDA:271,20,0,0
BRDA:271,20,1,0
BRDA:272,21,0,0
BRDA:272,21,1,0
BRDA:273,22,0,0
BRDA:273,22,1,0
BRF:44
BRH:0
end_of_record
TN:
SF:controllers/adminUserController.js
FN:10,(anonymous_0)
FN:131,(anonymous_1)
FN:170,(anonymous_2)
FN:197,(anonymous_3)
FN:237,(anonymous_4)
FN:267,(anonymous_5)
FN:299,(anonymous_6)
FN:331,(anonymous_7)
FN:378,(anonymous_8)
FN:422,(anonymous_9)
FN:433,(anonymous_10)
FN:459,(anonymous_11)
FN:481,(anonymous_12)
FN:490,(anonymous_13)
FN:495,(anonymous_14)
FN:522,(anonymous_15)
FN:567,(anonymous_16)
FN:596,(anonymous_17)
FN:609,(anonymous_18)
FNF:19
FNH:1
FNDA:2,(anonymous_0)
FNDA:0,(anonymous_1)
FNDA:0,(anonymous_2)
FNDA:0,(anonymous_3)
FNDA:0,(anonymous_4)
FNDA:0,(anonymous_5)
FNDA:0,(anonymous_6)
FNDA:0,(anonymous_7)
FNDA:0,(anonymous_8)
FNDA:0,(anonymous_9)
FNDA:0,(anonymous_10)
FNDA:0,(anonymous_11)
FNDA:0,(anonymous_12)
FNDA:0,(anonymous_13)
FNDA:0,(anonymous_14)
FNDA:0,(anonymous_15)
FNDA:0,(anonymous_16)
FNDA:0,(anonymous_17)
FNDA:0,(anonymous_18)
DA:1,17
DA:2,17
DA:3,17
DA:4,17
DA:10,17
DA:11,2
DA:22,2
DA:25,2
DA:26,2
DA:27,0
DA:36,2
DA:50,2
DA:51,0
DA:70,2
DA:71,2
DA:75,0
DA:76,0
DA:79,0
DA:80,0
DA:85,2
DA:86,2
DA:89,2
DA:90,2
DA:92,2
DA:98,2
DA:101,2
DA:102,2
DA:104,0
DA:107,2
DA:120,0
DA:131,17
DA:132,0
DA:133,0
DA:135,0
DA:136,0
DA:137,0
DA:138,0
DA:140,0
DA:146,0
DA:148,0
DA:159,0
DA:170,17
DA:171,0
DA:172,0
DA:174,0
DA:175,0
DA:181,0
DA:186,0
DA:197,17
DA:198,0
DA:199,0
DA:202,0
DA:203,0
DA:204,0
DA:205,0
DA:207,0
DA:213,0
DA:214,0
DA:220,0
DA:226,0
DA:237,17
DA:238,0
DA:239,0
DA:241,0
DA:242,0
DA:249,0
DA:251,0
DA:256,0
DA:267,17
DA:268,0
DA:269,0
DA:275,0
DA:276,0
DA:282,0
DA:288,0
DA:299,17
DA:300,0
DA:301,0
DA:307,0
DA:308,0
DA:314,0
DA:320,0
DA:331,17
DA:332,0
DA:333,0
DA:335,0
DA:336,0
DA:343,0
DA:346,0
DA:347,0
DA:349,0
DA:355,0
DA:358,0
DA:360,0
DA:365,0
DA:378,17
DA:379,0
DA:380,0
DA:381,0
DA:384,0
DA:385,0
DA:387,0
DA:388,0
DA:395,0
DA:399,0
DA:402,0
DA:406,0
DA:408,0
DA:413,0
DA:422,17
DA:423,0
DA:424,0
DA:426,0
DA:427,0
DA:428,0
DA:432,0
DA:433,0
DA:436,0
DA:437,0
DA:440,0
DA:443,0
DA:444,0
DA:445,0
DA:447,0
DA:450,0
DA:451,0
DA:452,0
DA:453,0
DA:455,0
DA:458,0
DA:459,0
DA:461,0
DA:465,0
DA:467,0
DA:472,0
DA:481,17
DA:482,0
DA:483,0
DA:485,0
DA:486,0
DA:489,0
DA:490,0
DA:494,0
DA:496,0
DA:497,0
DA:506,0
DA:511,0
DA:522,17
DA:523,0
DA:524,0
DA:526,0
DA:527,0
DA:533,0
DA:535,0
DA:536,0
DA:543,0
DA:544,0
DA:545,0
DA:546,0
DA:547,0
DA:549,0
DA:551,0
DA:556,0
DA:567,17
DA:568,0
DA:569,0
DA:571,0
DA:572,0
DA:573,0
DA:574,0
DA:576,0
DA:580,0
DA:585,0
DA:596,17
DA:597,0
DA:598,0
DA:601,0
DA:602,0
DA:605,0
DA:609,0
DA:613,0
LF:181
LH:35
BRDA:26,0,0,0
BRDA:26,0,1,2
BRDA:29,1,0,0
BRDA:29,1,1,0
BRDA:50,2,0,0
BRDA:50,2,1,2
BRDA:66,3,0,0
BRDA:66,3,1,0
BRDA:67,4,0,0
BRDA:67,4,1,0
BRDA:70,5,0,2
BRDA:70,5,1,0
BRDA:72,6,0,2
BRDA:72,6,1,0
BRDA:72,7,0,0
BRDA:72,7,1,0
BRDA:75,8,0,0
BRDA:75,8,1,0
BRDA:79,9,0,0
BRDA:79,9,1,0
BRDA:81,10,0,0
BRDA:81,10,1,0
BRDA:133,11,0,0
BRDA:133,12,0,0
BRDA:136,13,0,0
BRDA:136,13,1,0
BRDA:137,14,0,0
BRDA:137,14,1,0
BRDA:138,15,0,0
BRDA:138,15,1,0
BRDA:174,16,0,0
BRDA:174,16,1,0
BRDA:213,17,0,0
BRDA:213,17,1,0
BRDA:241,18,0,0
BRDA:241,18,1,0
BRDA:275,19,0,0
BRDA:275,19,1,0
BRDA:307,20,0,0
BRDA:307,20,1,0
BRDA:335,21,0,0
BRDA:335,21,1,0
BRDA:387,22,0,0
BRDA:387,22,1,0
BRDA:387,23,0,0
BRDA:387,23,1,0
BRDA:427,24,0,0
BRDA:427,24,1,0
BRDA:436,25,0,0
BRDA:436,25,1,0
BRDA:440,26,0,0
BRDA:440,26,1,0
BRDA:443,27,0,0
BRDA:443,27,1,0
BRDA:444,28,0,0
BRDA:444,28,1,0
BRDA:451,29,0,0
BRDA:451,29,1,0
BRDA:452,30,0,0
BRDA:452,30,1,0
BRDA:485,31,0,0
BRDA:485,31,1,0
BRDA:526,32,0,0
BRDA:526,32,1,0
BRDA:526,33,0,0
BRDA:526,33,1,0
BRDA:535,34,0,0
BRDA:535,34,1,0
BRDA:572,35,0,0
BRDA:572,35,1,0
BRDA:573,36,0,0
BRDA:573,36,1,0
BRDA:574,37,0,0
BRDA:574,37,1,0
BRDA:601,38,0,0
BRDA:601,38,1,0
BRDA:608,39,0,0
BRDA:608,39,1,0
BRDA:609,40,0,0
BRDA:609,40,1,0
BRF:80
BRH:4
end_of_record
TN:
SF:controllers/announcementController.js
FN:10,(anonymous_0)
FN:57,(anonymous_1)
FN:104,(anonymous_2)
FN:170,(anonymous_3)
FN:198,(anonymous_4)
FN:253,(anonymous_5)
FN:280,(anonymous_6)
FN:311,(anonymous_7)
FN:341,(anonymous_8)
FN:357,(anonymous_9)
FN:404,(anonymous_10)
FN:417,(anonymous_11)
FN:434,(anonymous_12)
FN:450,(anonymous_13)
FNF:14
FNH:0
FNDA:0,(anonymous_0)
FNDA:0,(anonymous_1)
FNDA:0,(anonymous_2)
FNDA:0,(anonymous_3)
FNDA:0,(anonymous_4)
FNDA:0,(anonymous_5)
FNDA:0,(anonymous_6)
FNDA:0,(anonymous_7)
FNDA:0,(anonymous_8)
FNDA:0,(anonymous_9)
FNDA:0,(anonymous_10)
FNDA:0,(anonymous_11)
FNDA:0,(anonymous_12)
FNDA:0,(anonymous_13)
DA:1,17
DA:2,17
DA:3,17
DA:4,17
DA:5,17
DA:10,17
DA:11,0
DA:22,0
DA:24,0
DA:38,0
DA:40,0
DA:46,0
DA:57,17
DA:58,0
DA:65,0
DA:67,0
DA:69,0
DA:70,0
DA:71,0
DA:73,0
DA:79,0
DA:81,0
DA:92,0
DA:104,17
DA:105,0
DA:106,0
DA:108,0
DA:109,0
DA:115,0
DA:118,0
DA:127,0
DA:130,0
DA:131,0
DA:142,0
DA:143,0
DA:150,0
DA:154,0
DA:159,0
DA:170,17
DA:171,0
DA:172,0
DA:175,0
DA:176,0
DA:182,0
DA:187,0
DA:198,17
DA:199,0
DA:211,0
DA:213,0
DA:215,0
DA:216,0
DA:223,0
DA:224,0
DA:225,0
DA:226,0
DA:227,0
DA:228,0
DA:229,0
DA:230,0
DA:231,0
DA:232,0
DA:234,0
DA:236,0
DA:242,0
DA:253,17
DA:254,0
DA:255,0
DA:257,0
DA:258,0
DA:264,0
DA:269,0
DA:280,17
DA:281,0
DA:282,0
DA:284,0
DA:285,0
DA:291,0
DA:292,0
DA:294,0
DA:300,0
DA:311,17
DA:312,0
DA:313,0
DA:316,0
DA:332,0
DA:341,0
DA:342,0
DA:343,0
DA:347,0
DA:357,0
DA:358,0
DA:359,0
DA:360,0
DA:365,0
DA:366,0
DA:369,0
DA:371,0
DA:372,0
DA:377,0
DA:382,0
DA:383,0
DA:388,0
DA:393,0
DA:404,17
DA:405,0
DA:406,0
DA:407,0
DA:409,0
DA:412,0
DA:417,0
DA:418,0
DA:428,0
DA:429,0
DA:434,0
DA:435,0
DA:450,0
DA:452,0
DA:457,0
LF:118
LH:14
BRDA:27,0,0,0
BRDA:27,0,1,0
BRDA:28,1,0,0
BRDA:28,1,1,0
BRDA:29,2,0,0
BRDA:29,2,1,0
BRDA:30,3,0,0
BRDA:30,3,1,0
BRDA:63,4,0,0
BRDA:64,5,0,0
BRDA:69,6,0,0
BRDA:69,6,1,0
BRDA:70,7,0,0
BRDA:70,7,1,0
BRDA:71,8,0,0
BRDA:71,8,1,0
BRDA:108,9,0,0
BRDA:108,9,1,0
BRDA:130,10,0,0
BRDA:130,10,1,0
BRDA:130,11,0,0
BRDA:130,11,1,0
BRDA:142,12,0,0
BRDA:142,12,1,0
BRDA:175,13,0,0
BRDA:175,13,1,0
BRDA:215,14,0,0
BRDA:215,14,1,0
BRDA:223,15,0,0
BRDA:223,15,1,0
BRDA:224,16,0,0
BRDA:224,16,1,0
BRDA:225,17,0,0
BRDA:225,17,1,0
BRDA:226,18,0,0
BRDA:226,18,1,0
BRDA:227,19,0,0
BRDA:227,19,1,0
BRDA:228,20,0,0
BRDA:228,20,1,0
BRDA:229,21,0,0
BRDA:229,21,1,0
BRDA:230,22,0,0
BRDA:230,22,1,0
BRDA:231,23,0,0
BRDA:231,23,1,0
BRDA:232,24,0,0
BRDA:232,24,1,0
BRDA:257,25,0,0
BRDA:257,25,1,0
BRDA:284,26,0,0
BRDA:284,26,1,0
BRDA:296,27,0,0
BRDA:296,27,1,0
BRDA:358,28,0,0
BRDA:358,28,1,0
BRDA:369,29,0,0
BRDA:369,29,1,0
BRDA:407,30,0,0
BRDA:407,30,1,0
BRDA:428,31,0,0
BRDA:428,31,1,0
BRF:62
BRH:0
end_of_record
TN:
SF:controllers/attendanceController.js
FN:8,(anonymous_0)
FN:72,(anonymous_1)
FN:76,(anonymous_2)
FN:106,(anonymous_3)
FN:111,(anonymous_4)
FN:136,(anonymous_5)
FN:189,(anonymous_6)
FN:264,(anonymous_7)
FN:293,(anonymous_8)
FN:314,(anonymous_9)
FN:335,(anonymous_10)
FN:358,(anonymous_11)
FN:402,(anonymous_12)
FNF:13
FNH:0
FNDA:0,(anonymous_0)
FNDA:0,(anonymous_1)
FNDA:0,(anonymous_2)
FNDA:0,(anonymous_3)
FNDA:0,(anonymous_4)
FNDA:0,(anonymous_5)
FNDA:0,(anonymous_6)
FNDA:0,(anonymous_7)
FNDA:0,(anonymous_8)
FNDA:0,(anonymous_9)
FNDA:0,(anonymous_10)
FNDA:0,(anonymous_11)
FNDA:0,(anonymous_12)
DA:1,17
DA:2,17
DA:3,17
DA:8,17
DA:9,0
DA:10,0
DA:13,0
DA:14,0
DA:15,0
DA:22,0
DA:28,0
DA:29,0
DA:30,0
DA:31,0
DA:32,0
DA:34,0
DA:41,0
DA:53,0
DA:55,0
DA:61,0
DA:72,17
DA:73,0
DA:74,0
DA:76,0
DA:87,0
DA:89,0
DA:95,0
DA:106,17
DA:107,0
DA:108,0
DA:111,0
DA:117,0
DA:119,0
DA:125,0
DA:136,17
DA:137,0
DA:138,0
DA:140,0
DA:143,0
DA:144,0
DA:145,0
DA:146,0
DA:149,0
DA:150,0
DA:151,0
DA:152,0
DA:153,0
DA:154,0
DA:155,0
DA:158,0
DA:165,0
DA:167,0
DA:178,0
DA:189,17
DA:190,0
DA:191,0
DA:194,0
DA:195,0
DA:196,0
DA:197,0
DA:199,0
DA:207,0
DA:208,0
DA:214,0
DA:215,0
DA:217,0
DA:236,0
DA:244,0
DA:248,0
DA:253,0
DA:264,17
DA:265,0
DA:266,0
DA:268,0
DA:269,0
DA:275,0
DA:277,0
DA:282,0
DA:293,17
DA:294,0
DA:295,0
DA:297,0
DA:298,0
DA:304,0
DA:307,0
DA:314,0
DA:315,0
DA:316,0
DA:319,0
DA:324,0
DA:335,17
DA:336,0
DA:337,0
DA:342,0
DA:347,0
DA:358,17
DA:359,0
DA:360,0
DA:362,0
DA:364,0
DA:365,0
DA:372,0
DA:373,0
DA:379,0
DA:380,0
DA:381,0
DA:383,0
DA:385,0
DA:391,0
DA:402,17
DA:403,0
DA:404,0
DA:406,0
DA:407,0
DA:413,0
DA:414,0
DA:420,0
DA:422,0
DA:427,0
LF:119
LH:13
BRDA:14,0,0,0
BRDA:14,0,1,0
BRDA:28,1,0,0
BRDA:28,1,1,0
BRDA:31,2,0,0
BRDA:31,2,1,0
BRDA:113,3,0,0
BRDA:113,3,1,0
BRDA:138,4,0,0
BRDA:138,5,0,0
BRDA:143,6,0,0
BRDA:143,6,1,0
BRDA:145,7,0,0
BRDA:145,7,1,0
BRDA:149,8,0,0
BRDA:149,8,1,0
BRDA:149,9,0,0
BRDA:149,9,1,0
BRDA:150,10,0,0
BRDA:150,10,1,0
BRDA:151,11,0,0
BRDA:151,11,1,0
BRDA:152,12,0,0
BRDA:152,12,1,0
BRDA:152,13,0,0
BRDA:152,13,1,0
BRDA:195,14,0,0
BRDA:195,14,1,0
BRDA:196,15,0,0
BRDA:196,15,1,0
BRDA:207,16,0,0
BRDA:207,16,1,0
BRDA:207,17,0,0
BRDA:207,17,1,0
BRDA:236,18,0,0
BRDA:236,18,1,0
BRDA:244,19,0,0
BRDA:244,19,1,0
BRDA:268,20,0,0
BRDA:268,20,1,0
BRDA:268,21,0,0
BRDA:268,21,1,0
BRDA:268,21,2,0
BRDA:297,22,0,0
BRDA:297,22,1,0
BRDA:364,23,0,0
BRDA:364,23,1,0
BRDA:372,24,0,0
BRDA:372,24,1,0
BRDA:372,25,0,0
BRDA:372,25,1,0
BRDA:379,26,0,0
BRDA:379,26,1,0
BRDA:380,27,0,0
BRDA:380,27,1,0
BRDA:381,28,0,0
BRDA:381,28,1,0
BRDA:406,29,0,0
BRDA:406,29,1,0
BRDA:413,30,0,0
BRDA:413,30,1,0
BRDA:413,31,0,0
BRDA:413,31,1,0
BRF:63
BRH:0
end_of_record
TN:
SF:controllers/authController.js
FN:11,(anonymous_0)
FN:110,(anonymous_1)
FN:192,(anonymous_2)
FN:245,(anonymous_3)
FN:299,(anonymous_4)
FN:379,(anonymous_5)
FN:406,(anonymous_6)
FNF:7
FNH:2
FNDA:88,(anonymous_0)
FNDA:0,(anonymous_1)
FNDA:0,(anonymous_2)
FNDA:0,(anonymous_3)
FNDA:0,(anonymous_4)
FNDA:0,(anonymous_5)
FNDA:1,(anonymous_6)
DA:1,17
DA:2,17
DA:3,17
DA:4,17
DA:5,17
DA:6,17
DA:11,17
DA:12,88
DA:13,88
DA:16,88
DA:18,88
DA:20,4
DA:22,4
DA:29,84
DA:30,1
DA:37,83
DA:38,0
DA:45,83
DA:46,0
DA:53,83
DA:55,83
DA:57,38
DA:59,38
DA:66,45
DA:78,45
DA:79,45
DA:82,45
DA:84,45
DA:98,0
DA:110,17
DA:111,0
DA:112,0
DA:115,0
DA:117,0
DA:118,0
DA:125,0
DA:126,0
DA:127,0
DA:134,0
DA:135,0
DA:142,0
DA:143,0
DA:144,0
DA:151,0
DA:152,0
DA:159,0
DA:160,0
DA:163,0
DA:164,0
DA:165,0
DA:166,0
DA:167,0
DA:170,0
DA:171,0
DA:174,0
DA:176,0
DA:181,0
DA:192,17
DA:193,0
DA:194,0
DA:196,0
DA:197,0
DA:198,0
DA:204,0
DA:205,0
DA:212,0
DA:215,0
DA:216,0
DA:218,0
DA:224,0
DA:227,0
DA:229,0
DA:234,0
DA:245,17
DA:246,0
DA:247,0
DA:249,0
DA:250,0
DA:252,0
DA:258,0
DA:259,0
DA:266,0
DA:269,0
DA:270,0
DA:272,0
DA:278,0
DA:281,0
DA:283,0
DA:288,0
DA:299,17
DA:300,0
DA:301,0
DA:304,0
DA:306,0
DA:307,0
DA:314,0
DA:315,0
DA:316,0
DA:323,0
DA:324,0
DA:331,0
DA:332,0
DA:333,0
DA:340,0
DA:341,0
DA:348,0
DA:349,0
DA:352,0
DA:353,0
DA:354,0
DA:357,0
DA:358,0
DA:361,0
DA:363,0
DA:368,0
DA:379,17
DA:380,0
DA:381,0
DA:383,0
DA:384,0
DA:390,0
DA:395,0
DA:406,17
DA:407,1
DA:408,1
DA:410,1
DA:412,1
DA:413,0
DA:420,1
DA:421,1
DA:422,0
DA:429,1
DA:430,0
DA:437,1
DA:438,1
DA:439,1
DA:441,1
DA:446,0
LF:138
LH:43
BRDA:18,0,0,4
BRDA:18,0,1,84
BRDA:29,1,0,1
BRDA:29,1,1,83
BRDA:37,2,0,0
BRDA:37,2,1,83
BRDA:37,3,0,83
BRDA:37,3,1,83
BRDA:45,4,0,0
BRDA:45,4,1,83
BRDA:55,5,0,38
BRDA:55,5,1,45
BRDA:117,6,0,0
BRDA:117,6,1,0
BRDA:125,7,0,0
BRDA:125,7,1,0
BRDA:134,8,0,0
BRDA:134,8,1,0
BRDA:143,9,0,0
BRDA:143,9,1,0
BRDA:151,10,0,0
BRDA:151,10,1,0
BRDA:151,11,0,0
BRDA:151,11,1,0
BRDA:197,12,0,0
BRDA:197,12,1,0
BRDA:204,13,0,0
BRDA:204,13,1,0
BRDA:250,14,0,0
BRDA:250,14,1,0
BRDA:258,15,0,0
BRDA:258,15,1,0
BRDA:306,16,0,0
BRDA:306,16,1,0
BRDA:314,17,0,0
BRDA:314,17,1,0
BRDA:323,18,0,0
BRDA:323,18,1,0
BRDA:332,19,0,0
BRDA:332,19,1,0
BRDA:340,20,0,0
BRDA:340,20,1,0
BRDA:340,21,0,0
BRDA:340,21,1,0
BRDA:383,22,0,0
BRDA:383,22,1,0
BRDA:412,23,0,0
BRDA:412,23,1,1
BRDA:412,24,0,1
BRDA:412,24,1,1
BRDA:421,25,0,0
BRDA:421,25,1,1
BRDA:429,26,0,0
BRDA:429,26,1,1
BRDA:429,27,0,1
BRDA:429,27,1,1
BRF:56
BRH:17
end_of_record
TN:
SF:controllers/certificateController.js
FN:10,(anonymous_0)
FN:76,(anonymous_1)
FN:105,(anonymous_2)
FN:110,(anonymous_3)
FN:137,(anonymous_4)
FN:190,(anonymous_5)
FN:224,(anonymous_6)
FN:258,(anonymous_7)
FN:290,(anonymous_8)
FN:324,(anonymous_9)
FN:372,(anonymous_10)
FN:415,(anonymous_11)
FN:459,(anonymous_12)
FNF:13
FNH:0
FNDA:0,(anonymous_0)
FNDA:0,(anonymous_1)
FNDA:0,(anonymous_2)
FNDA:0,(anonymous_3)
FNDA:0,(anonymous_4)
FNDA:0,(anonymous_5)
FNDA:0,(anonymous_6)
FNDA:0,(anonymous_7)
FNDA:0,(anonymous_8)
FNDA:0,(anonymous_9)
FNDA:0,(anonymous_10)
FNDA:0,(anonymous_11)
FNDA:0,(anonymous_12)
DA:1,17
DA:2,17
DA:3,17
DA:4,17
DA:5,17
DA:10,17
DA:11,0
DA:26,0
DA:29,0
DA:30,0
DA:31,0
DA:37,0
DA:57,0
DA:59,0
DA:65,0
DA:76,17
DA:77,0
DA:78,0
DA:80,0
DA:81,0
DA:82,0
DA:89,0
DA:96,0
DA:97,0
DA:99,0
DA:104,0
DA:105,0
DA:106,0
DA:109,0
DA:110,0
DA:113,0
DA:120,0
DA:126,0
DA:137,17
DA:138,0
DA:149,0
DA:151,0
DA:152,0
DA:153,0
DA:159,0
DA:173,0
DA:179,0
DA:190,17
DA:191,0
DA:192,0
DA:194,0
DA:195,0
DA:196,0
DA:202,0
DA:207,0
DA:213,0
DA:224,17
DA:225,0
DA:226,0
DA:228,0
DA:229,0
DA:230,0
DA:236,0
DA:241,0
DA:247,0
DA:258,17
DA:259,0
DA:260,0
DA:262,0
DA:263,0
DA:269,0
DA:270,0
DA:271,0
DA:273,0
DA:279,0
DA:290,17
DA:291,0
DA:292,0
DA:294,0
DA:296,0
DA:297,0
DA:303,0
DA:304,0
DA:305,0
DA:307,0
DA:313,0
DA:324,17
DA:325,0
DA:326,0
DA:328,0
DA:331,0
DA:332,0
DA:333,0
DA:334,0
DA:337,0
DA:338,0
DA:339,0
DA:341,0
DA:348,0
DA:350,0
DA:361,0
DA:372,17
DA:373,0
DA:374,0
DA:378,0
DA:379,0
DA:386,0
DA:387,0
DA:388,0
DA:390,0
DA:392,0
DA:393,0
DA:399,0
DA:404,0
DA:415,17
DA:416,0
DA:417,0
DA:419,0
DA:420,0
DA:421,0
DA:423,0
DA:427,0
DA:428,0
DA:434,0
DA:448,0
DA:459,17
DA:460,0
DA:461,0
DA:465,0
DA:466,0
DA:472,0
DA:495,0
DA:500,0
LF:128
LH:16
BRDA:30,0,0,0
BRDA:30,0,1,0
BRDA:45,1,0,0
BRDA:45,1,1,0
BRDA:46,2,0,0
BRDA:46,2,1,0
BRDA:81,3,0,0
BRDA:81,3,1,0
BRDA:106,4,0,0
BRDA:106,4,1,0
BRDA:109,5,0,0
BRDA:109,5,1,0
BRDA:116,6,0,0
BRDA:116,6,1,0
BRDA:117,7,0,0
BRDA:117,7,1,0
BRDA:152,8,0,0
BRDA:152,8,1,0
BRDA:162,9,0,0
BRDA:162,9,1,0
BRDA:163,10,0,0
BRDA:163,10,1,0
BRDA:164,11,0,0
BRDA:164,11,1,0
BRDA:166,12,0,0
BRDA:166,12,1,0
BRDA:167,13,0,0
BRDA:167,13,1,0
BRDA:168,14,0,0
BRDA:168,14,1,0
BRDA:169,15,0,0
BRDA:169,15,1,0
BRDA:170,16,0,0
BRDA:170,16,1,0
BRDA:195,17,0,0
BRDA:195,17,1,0
BRDA:203,18,0,0
BRDA:203,18,1,0
BRDA:204,19,0,0
BRDA:204,19,1,0
BRDA:229,20,0,0
BRDA:229,20,1,0
BRDA:237,21,0,0
BRDA:237,21,1,0
BRDA:238,22,0,0
BRDA:238,22,1,0
BRDA:262,23,0,0
BRDA:262,23,1,0
BRDA:296,24,0,0
BRDA:296,24,1,0
BRDA:326,25,0,0
BRDA:326,26,0,0
BRDA:331,27,0,0
BRDA:331,27,1,0
BRDA:333,28,0,0
BRDA:333,28,1,0
BRDA:334,29,0,0
BRDA:334,29,1,0
BRDA:337,30,0,0
BRDA:337,30,1,0
BRDA:338,31,0,0
BRDA:338,31,1,0
BRDA:339,32,0,0
BRDA:339,32,1,0
BRDA:378,33,0,0
BRDA:378,33,1,0
BRDA:388,34,0,0
BRDA:388,34,1,0
BRDA:392,35,0,0
BRDA:392,35,1,0
BRDA:392,36,0,0
BRDA:392,36,1,0
BRDA:392,36,2,0
BRDA:392,36,3,0
BRDA:420,37,0,0
BRDA:420,37,1,0
BRDA:421,38,0,0
BRDA:421,38,1,0
BRDA:427,39,0,0
BRDA:427,39,1,0
BRDA:465,40,0,0
BRDA:465,40,1,0
BRF:82
BRH:0
end_of_record
TN:
SF:controllers/examScheduleController.js
FN:6,(anonymous_0)
FN:62,(anonymous_1)
FN:114,(anonymous_2)
FN:142,(anonymous_3)
FN:159,(anonymous_4)
FN:184,(anonymous_5)
FN:220,(anonymous_6)
FN:266,(anonymous_7)
FNF:8
FNH:1
FNDA:1,(anonymous_0)
FNDA:0,(anonymous_1)
FNDA:0,(anonymous_2)
FNDA:0,(anonymous_3)
FNDA:0,(anonymous_4)
FNDA:0,(anonymous_5)
FNDA:0,(anonymous_6)
FNDA:0,(anonymous_7)
DA:1,17
DA:6,17
DA:7,1
DA:23,1
DA:25,1
DA:43,1
DA:45,0
DA:51,1
DA:62,17
DA:63,0
DA:73,0
DA:75,0
DA:77,0
DA:78,0
DA:79,0
DA:80,0
DA:81,0
DA:82,0
DA:84,0
DA:90,0
DA:92,0
DA:103,0
DA:114,17
DA:115,0
DA:116,0
DA:119,0
DA:120,0
DA:126,0
DA:131,0
DA:142,17
DA:143,0
DA:144,0
DA:146,0
DA:147,0
DA:153,0
DA:159,0
DA:160,0
DA:161,0
DA:165,0
DA:167,0
DA:173,0
DA:184,17
DA:185,0
DA:186,0
DA:188,0
DA:189,0
DA:195,0
DA:196,0
DA:202,0
DA:204,0
DA:209,0
DA:220,17
DA:221,0
DA:222,0
DA:223,0
DA:226,0
DA:227,0
DA:229,0
DA:230,0
DA:236,0
DA:243,0
DA:244,0
DA:246,0
DA:250,0
DA:255,0
DA:266,17
DA:267,0
DA:268,0
DA:270,0
DA:277,0
DA:278,0
DA:280,0
DA:283,0
DA:288,0
LF:74
LH:13
BRDA:71,0,0,0
BRDA:72,1,0,0
BRDA:77,2,0,0
BRDA:77,2,1,0
BRDA:78,3,0,0
BRDA:78,3,1,0
BRDA:79,4,0,0
BRDA:79,4,1,0
BRDA:80,5,0,0
BRDA:80,5,1,0
BRDA:81,6,0,0
BRDA:81,6,1,0
BRDA:82,7,0,0
BRDA:82,7,1,0
BRDA:119,8,0,0
BRDA:119,8,1,0
BRDA:146,9,0,0
BRDA:146,9,1,0
BRDA:160,10,0,0
BRDA:160,10,1,0
BRDA:188,11,0,0
BRDA:188,11,1,0
BRDA:195,12,0,0
BRDA:195,12,1,0
BRDA:195,13,0,0
BRDA:195,13,1,0
BRDA:229,14,0,0
BRDA:229,14,1,0
BRDA:243,15,0,0
BRDA:243,15,1,0
BRDA:244,16,0,0
BRDA:244,16,1,0
BRDA:277,17,0,0
BRDA:277,17,1,0
BRDA:278,18,0,0
BRDA:278,18,1,0
BRF:36
BRH:0
end_of_record
TN:
SF:controllers/messageController.js
FN:8,(anonymous_0)
FN:75,(anonymous_1)
FN:89,(anonymous_2)
FN:120,(anonymous_3)
FN:143,(anonymous_4)
FN:183,(anonymous_5)
FN:197,(anonymous_6)
FN:208,(anonymous_7)
FN:229,(anonymous_8)
FN:243,(anonymous_9)
FN:275,(anonymous_10)
FN:286,(anonymous_11)
FN:315,(anonymous_12)
FNF:13
FNH:0
FNDA:0,(anonymous_0)
FNDA:0,(anonymous_1)
FNDA:0,(anonymous_2)
FNDA:0,(anonymous_3)
FNDA:0,(anonymous_4)
FNDA:0,(anonymous_5)
FNDA:0,(anonymous_6)
FNDA:0,(anonymous_7)
FNDA:0,(anonymous_8)
FNDA:0,(anonymous_9)
FNDA:0,(anonymous_10)
FNDA:0,(anonymous_11)
FNDA:0,(anonymous_12)
DA:1,17
DA:2,17
DA:3,17
DA:8,17
DA:9,0
DA:10,0
DA:13,0
DA:14,0
DA:15,0
DA:22,0
DA:23,0
DA:25,0
DA:27,0
DA:28,0
DA:36,0
DA:37,0
DA:38,0
DA:39,0
DA:46,0
DA:56,0
DA:58,0
DA:64,0
DA:75,17
DA:76,0
DA:77,0
DA:80,0
DA:81,0
DA:82,0
DA:83,0
DA:85,0
DA:87,0
DA:89,0
DA:98,0
DA:100,0
DA:109,0
DA:120,17
DA:121,0
DA:122,0
DA:124,0
DA:126,0
DA:132,0
DA:143,17
DA:144,0
DA:145,0
DA:147,0
DA:156,0
DA:161,0
DA:172,0
DA:183,17
DA:184,0
DA:185,0
DA:189,0
DA:190,0
DA:197,0
DA:198,0
DA:200,0
DA:201,0
DA:208,0
DA:209,0
DA:210,0
DA:213,0
DA:218,0
DA:229,17
DA:230,0
DA:231,0
DA:233,0
DA:234,0
DA:235,0
DA:242,0
DA:243,0
DA:246,0
DA:256,0
DA:258,0
DA:264,0
DA:275,17
DA:276,0
DA:277,0
DA:278,0
DA:279,0
DA:286,0
DA:287,0
DA:289,0
DA:290,0
DA:296,0
DA:297,0
DA:299,0
DA:304,0
DA:315,17
DA:316,0
DA:317,0
DA:323,0
DA:328,0
LF:92
LH:11
BRDA:10,0,0,0
BRDA:10,1,0,0
BRDA:14,2,0,0
BRDA:14,2,1,0
BRDA:22,3,0,0
BRDA:22,3,1,0
BRDA:23,4,0,0
BRDA:23,4,1,0
BRDA:25,5,0,0
BRDA:25,5,1,0
BRDA:27,6,0,0
BRDA:27,6,1,0
BRDA:27,7,0,0
BRDA:27,7,1,0
BRDA:36,8,0,0
BRDA:36,8,1,0
BRDA:37,9,0,0
BRDA:37,9,1,0
BRDA:38,10,0,0
BRDA:38,10,1,0
BRDA:77,11,0,0
BRDA:77,12,0,0
BRDA:81,13,0,0
BRDA:81,13,1,0
BRDA:82,14,0,0
BRDA:82,14,1,0
BRDA:83,15,0,0
BRDA:83,15,1,0
BRDA:122,16,0,0
BRDA:122,17,0,0
BRDA:145,18,0,0
BRDA:145,19,0,0
BRDA:189,20,0,0
BRDA:189,20,1,0
BRDA:200,21,0,0
BRDA:200,21,1,0
BRDA:200,22,0,0
BRDA:200,22,1,0
BRDA:208,23,0,0
BRDA:208,23,1,0
BRDA:208,24,0,0
BRDA:208,24,1,0
BRDA:231,25,0,0
BRDA:234,26,0,0
BRDA:234,26,1,0
BRDA:251,27,0,0
BRDA:251,27,1,0
BRDA:278,28,0,0
BRDA:278,28,1,0
BRDA:289,29,0,0
BRDA:289,29,1,0
BRDA:289,30,0,0
BRDA:289,30,1,0
BRF:53
BRH:0
end_of_record
TN:
SF:controllers/parentController.js
FN:11,(anonymous_0)
FN:38,(anonymous_1)
FN:68,(anonymous_2)
FN:97,(anonymous_3)
FN:104,(anonymous_4)
FN:152,(anonymous_5)
FN:159,(anonymous_6)
FN:196,(anonymous_7)
FN:220,(anonymous_8)
FN:230,(anonymous_9)
FN:239,(anonymous_10)
FN:240,(anonymous_11)
FN:243,(anonymous_12)
FN:278,(anonymous_13)
FN:285,(anonymous_14)
FN:305,(anonymous_15)
FN:306,(anonymous_16)
FN:307,(anonymous_17)
FN:308,(anonymous_18)
FN:336,(anonymous_19)
FN:342,(anonymous_20)
FN:370,(anonymous_21)
FN:377,(anonymous_22)
FN:409,(anonymous_23)
FN:440,(anonymous_24)
FN:448,(anonymous_25)
FNF:26
FNH:0
FNDA:0,(anonymous_0)
FNDA:0,(anonymous_1)
FNDA:0,(anonymous_2)
FNDA:0,(anonymous_3)
FNDA:0,(anonymous_4)
FNDA:0,(anonymous_5)
FNDA:0,(anonymous_6)
FNDA:0,(anonymous_7)
FNDA:0,(anonymous_8)
FNDA:0,(anonymous_9)
FNDA:0,(anonymous_10)
FNDA:0,(anonymous_11)
FNDA:0,(anonymous_12)
FNDA:0,(anonymous_13)
FNDA:0,(anonymous_14)
FNDA:0,(anonymous_15)
FNDA:0,(anonymous_16)
FNDA:0,(anonymous_17)
FNDA:0,(anonymous_18)
FNDA:0,(anonymous_19)
FNDA:0,(anonymous_20)
FNDA:0,(anonymous_21)
FNDA:0,(anonymous_22)
FNDA:0,(anonymous_23)
FNDA:0,(anonymous_24)
FNDA:0,(anonymous_25)
DA:1,17
DA:2,17
DA:3,17
DA:4,17
DA:5,17
DA:6,17
DA:11,17
DA:12,0
DA:13,0
DA:15,0
DA:16,0
DA:22,0
DA:27,0
DA:38,17
DA:39,0
DA:40,0
DA:43,0
DA:44,0
DA:50,0
DA:57,0
DA:68,17
DA:69,0
DA:70,0
DA:72,0
DA:73,0
DA:79,0
DA:86,0
DA:97,17
DA:98,0
DA:99,0
DA:100,0
DA:103,0
DA:104,0
DA:106,0
DA:107,0
DA:113,0
DA:114,0
DA:115,0
DA:121,0
DA:122,0
DA:123,0
DA:125,0
DA:129,0
DA:141,0
DA:152,17
DA:153,0
DA:154,0
DA:155,0
DA:158,0
DA:159,0
DA:161,0
DA:162,0
DA:168,0
DA:169,0
DA:170,0
DA:176,0
DA:177,0
DA:178,0
DA:180,0
DA:182,0
DA:183,0
DA:195,0
DA:196,0
DA:197,0
DA:200,0
DA:203,0
DA:204,0
DA:206,0
DA:207,0
DA:209,0
DA:211,0
DA:216,0
DA:219,0
DA:221,0
DA:228,0
DA:230,0
DA:231,0
DA:239,0
DA:240,0
DA:243,0
DA:244,0
DA:245,0
DA:247,0
DA:250,0
DA:267,0
DA:278,17
DA:279,0
DA:280,0
DA:281,0
DA:284,0
DA:285,0
DA:287,0
DA:288,0
DA:294,0
DA:295,0
DA:296,0
DA:297,0
DA:298,0
DA:300,0
DA:302,0
DA:304,0
DA:305,0
DA:306,0
DA:307,0
DA:308,0
DA:310,0
DA:325,0
DA:336,17
DA:337,0
DA:338,0
DA:341,0
DA:342,0
DA:344,0
DA:345,0
DA:351,0
DA:354,0
DA:359,0
DA:370,17
DA:371,0
DA:372,0
DA:373,0
DA:376,0
DA:377,0
DA:379,0
DA:380,0
DA:386,0
DA:387,0
DA:389,0
DA:393,0
DA:398,0
DA:409,17
DA:410,0
DA:411,0
DA:413,0
DA:424,0
DA:429,0
DA:440,17
DA:441,0
DA:442,0
DA:444,0
DA:447,0
DA:448,0
DA:450,0
DA:451,0
DA:457,0
DA:468,0
DA:470,0
DA:476,0
LF:148
LH:16
BRDA:15,0,0,0
BRDA:15,0,1,0
BRDA:43,1,0,0
BRDA:43,1,1,0
BRDA:53,2,0,0
BRDA:53,2,1,0
BRDA:72,3,0,0
BRDA:72,3,1,0
BRDA:82,4,0,0
BRDA:82,4,1,0
BRDA:104,5,0,0
BRDA:104,5,1,0
BRDA:106,6,0,0
BRDA:106,6,1,0
BRDA:114,7,0,0
BRDA:114,7,1,0
BRDA:122,8,0,0
BRDA:122,8,1,0
BRDA:123,9,0,0
BRDA:123,9,1,0
BRDA:159,10,0,0
BRDA:159,10,1,0
BRDA:161,11,0,0
BRDA:161,11,1,0
BRDA:169,12,0,0
BRDA:169,12,1,0
BRDA:177,13,0,0
BRDA:177,13,1,0
BRDA:178,14,0,0
BRDA:178,14,1,0
BRDA:182,15,0,0
BRDA:182,15,1,0
BRDA:197,16,0,0
BRDA:197,16,1,0
BRDA:200,17,0,0
BRDA:200,17,1,0
BRDA:209,18,0,0
BRDA:209,18,1,0
BRDA:223,19,0,0
BRDA:223,19,1,0
BRDA:224,20,0,0
BRDA:224,20,1,0
BRDA:228,21,0,0
BRDA:228,21,1,0
BRDA:230,22,0,0
BRDA:230,22,1,0
BRDA:239,23,0,0
BRDA:239,23,1,0
BRDA:244,24,0,0
BRDA:244,24,1,0
BRDA:285,25,0,0
BRDA:285,25,1,0
BRDA:287,26,0,0
BRDA:287,26,1,0
BRDA:295,27,0,0
BRDA:295,27,1,0
BRDA:296,28,0,0
BRDA:296,28,1,0
BRDA:297,29,0,0
BRDA:297,29,1,0
BRDA:300,30,0,0
BRDA:300,30,1,0
BRDA:320,31,0,0
BRDA:320,31,1,0
BRDA:342,32,0,0
BRDA:342,32,1,0
BRDA:344,33,0,0
BRDA:344,33,1,0
BRDA:377,34,0,0
BRDA:377,34,1,0
BRDA:379,35,0,0
BRDA:379,35,1,0
BRDA:387,36,0,0
BRDA:387,36,1,0
BRDA:448,37,0,0
BRDA:448,37,1,0
BRDA:450,38,0,0
BRDA:450,38,1,0
BRDA:450,39,0,0
BRDA:450,39,1,0
BRDA:464,40,0,0
BRDA:464,40,1,0
BRF:82
BRH:0
end_of_record
TN:
SF:controllers/reportController.js
FN:9,(anonymous_0)
FN:41,(anonymous_1)
FN:42,(anonymous_2)
FN:43,(anonymous_3)
FN:46,(anonymous_4)
FN:60,(anonymous_5)
FN:81,(anonymous_6)
FN:82,(anonymous_7)
FN:106,(anonymous_8)
FN:135,(anonymous_9)
FN:137,(anonymous_10)
FN:144,(anonymous_11)
FN:160,(anonymous_12)
FN:163,(anonymous_13)
FN:178,(anonymous_14)
FN:180,(anonymous_15)
FN:181,(anonymous_16)
FN:205,(anonymous_17)
FN:227,(anonymous_18)
FN:228,(anonymous_19)
FN:229,(anonymous_20)
FN:230,(anonymous_21)
FN:231,(anonymous_22)
FN:269,(anonymous_23)
FN:315,(anonymous_24)
FN:352,(anonymous_25)
FN:396,(anonymous_26)
FN:432,(anonymous_27)
FNF:28
FNH:0
FNDA:0,(anonymous_0)
FNDA:0,(anonymous_1)
FNDA:0,(anonymous_2)
FNDA:0,(anonymous_3)
FNDA:0,(anonymous_4)
FNDA:0,(anonymous_5)
FNDA:0,(anonymous_6)
FNDA:0,(anonymous_7)
FNDA:0,(anonymous_8)
FNDA:0,(anonymous_9)
FNDA:0,(anonymous_10)
FNDA:0,(anonymous_11)
FNDA:0,(anonymous_12)
FNDA:0,(anonymous_13)
FNDA:0,(anonymous_14)
FNDA:0,(anonymous_15)
FNDA:0,(anonymous_16)
FNDA:0,(anonymous_17)
FNDA:0,(anonymous_18)
FNDA:0,(anonymous_19)
FNDA:0,(anonymous_20)
FNDA:0,(anonymous_21)
FNDA:0,(anonymous_22)
FNDA:0,(anonymous_23)
FNDA:0,(anonymous_24)
FNDA:0,(anonymous_25)
FNDA:0,(anonymous_26)
FNDA:0,(anonymous_27)
DA:1,17
DA:2,17
DA:3,17
DA:4,17
DA:9,17
DA:10,0
DA:11,0
DA:14,0
DA:15,0
DA:16,0
DA:23,0
DA:31,0
DA:40,0
DA:41,0
DA:42,0
DA:43,0
DA:46,0
DA:59,0
DA:60,0
DA:63,0
DA:81,0
DA:82,0
DA:87,0
DA:89,0
DA:95,0
DA:106,17
DA:107,0
DA:108,0
DA:111,0
DA:116,0
DA:118,0
DA:119,0
DA:126,0
DA:134,0
DA:135,0
DA:137,0
DA:143,0
DA:144,0
DA:147,0
DA:160,0
DA:163,0
DA:164,0
DA:167,0
DA:178,0
DA:180,0
DA:181,0
DA:186,0
DA:188,0
DA:194,0
DA:205,17
DA:206,0
DA:207,0
DA:209,0
DA:210,0
DA:212,0
DA:219,0
DA:220,0
DA:223,0
DA:226,0
DA:227,0
DA:228,0
DA:229,0
DA:230,0
DA:231,0
DA:234,0
DA:238,0
DA:250,0
DA:252,0
DA:258,0
DA:269,17
DA:270,0
DA:271,0
DA:273,0
DA:274,0
DA:275,0
DA:276,0
DA:277,0
DA:280,0
DA:281,0
DA:284,0
DA:291,0
DA:293,0
DA:304,0
DA:315,17
DA:316,0
DA:317,0
DA:321,0
DA:322,0
DA:329,0
DA:330,0
DA:336,0
DA:341,0
DA:352,17
DA:353,0
DA:354,0
DA:356,0
DA:358,0
DA:359,0
DA:365,0
DA:366,0
DA:372,0
DA:373,0
DA:374,0
DA:375,0
DA:377,0
DA:379,0
DA:385,0
DA:396,17
DA:397,0
DA:398,0
DA:400,0
DA:401,0
DA:407,0
DA:408,0
DA:414,0
DA:416,0
DA:421,0
DA:432,17
DA:433,0
DA:434,0
DA:438,0
DA:439,0
DA:446,0
DA:460,0
DA:461,0
DA:469,0
DA:470,0
DA:473,0
DA:478,0
LF:129
LH:12
BRDA:15,0,0,0
BRDA:15,0,1,0
BRDA:59,1,0,0
BRDA:59,1,1,0
BRDA:77,2,0,0
BRDA:77,2,1,0
BRDA:81,3,0,0
BRDA:81,3,1,0
BRDA:82,4,0,0
BRDA:82,4,1,0
BRDA:143,5,0,0
BRDA:143,5,1,0
BRDA:155,6,0,0
BRDA:155,6,1,0
BRDA:177,7,0,0
BRDA:177,7,1,0
BRDA:180,8,0,0
BRDA:180,8,1,0
BRDA:181,9,0,0
BRDA:181,9,1,0
BRDA:219,10,0,0
BRDA:219,10,1,0
BRDA:234,11,0,0
BRDA:234,11,1,0
BRDA:242,12,0,0
BRDA:242,12,1,0
BRDA:271,13,0,0
BRDA:271,14,0,0
BRDA:274,15,0,0
BRDA:274,15,1,0
BRDA:275,16,0,0
BRDA:275,16,1,0
BRDA:276,17,0,0
BRDA:276,17,1,0
BRDA:277,18,0,0
BRDA:277,18,1,0
BRDA:280,19,0,0
BRDA:280,19,1,0
BRDA:321,20,0,0
BRDA:321,20,1,0
BRDA:329,21,0,0
BRDA:329,21,1,0
BRDA:329,22,0,0
BRDA:329,22,1,0
BRDA:358,23,0,0
BRDA:358,23,1,0
BRDA:365,24,0,0
BRDA:365,24,1,0
BRDA:374,25,0,0
BRDA:374,25,1,0
BRDA:400,26,0,0
BRDA:400,26,1,0
BRDA:407,27,0,0
BRDA:407,27,1,0
BRDA:438,28,0,0
BRDA:438,28,1,0
BRDA:451,29,0,0
BRDA:451,29,1,0
BRDA:453,30,0,0
BRDA:453,30,1,0
BRDA:460,31,0,0
BRDA:460,31,1,0
BRDA:469,32,0,0
BRDA:469,32,1,0
BRF:64
BRH:0
end_of_record
TN:
SF:controllers/studentController.js
FN:11,(anonymous_0)
FN:38,(anonymous_1)
FN:66,(anonymous_2)
FN:96,(anonymous_3)
FN:117,(anonymous_4)
FN:127,(anonymous_5)
FN:136,(anonymous_6)
FN:137,(anonymous_7)
FN:140,(anonymous_8)
FN:177,(anonymous_9)
FN:196,(anonymous_10)
FN:197,(anonymous_11)
FN:198,(anonymous_12)
FN:199,(anonymous_13)
FN:227,(anonymous_14)
FN:273,(anonymous_15)
FN:304,(anonymous_16)
FN:334,(anonymous_17)
FN:355,(anonymous_18)
FNF:19
FNH:0
FNDA:0,(anonymous_0)
FNDA:0,(anonymous_1)
FNDA:0,(anonymous_2)
FNDA:0,(anonymous_3)
FNDA:0,(anonymous_4)
FNDA:0,(anonymous_5)
FNDA:0,(anonymous_6)
FNDA:0,(anonymous_7)
FNDA:0,(anonymous_8)
FNDA:0,(anonymous_9)
FNDA:0,(anonymous_10)
FNDA:0,(anonymous_11)
FNDA:0,(anonymous_12)
FNDA:0,(anonymous_13)
FNDA:0,(anonymous_14)
FNDA:0,(anonymous_15)
FNDA:0,(anonymous_16)
FNDA:0,(anonymous_17)
FNDA:0,(anonymous_18)
DA:1,17
DA:2,17
DA:3,17
DA:4,17
DA:5,17
DA:6,17
DA:11,17
DA:12,0
DA:13,0
DA:15,0
DA:16,0
DA:22,0
DA:27,0
DA:38,17
DA:39,0
DA:40,0
DA:42,0
DA:43,0
DA:44,0
DA:46,0
DA:50,0
DA:55,0
DA:66,17
DA:67,0
DA:68,0
DA:70,0
DA:71,0
DA:72,0
DA:74,0
DA:77,0
DA:78,0
DA:79,0
DA:81,0
DA:82,0
DA:95,0
DA:96,0
DA:97,0
DA:100,0
DA:103,0
DA:104,0
DA:106,0
DA:108,0
DA:113,0
DA:116,0
DA:118,0
DA:125,0
DA:127,0
DA:128,0
DA:136,0
DA:137,0
DA:140,0
DA:141,0
DA:142,0
DA:144,0
DA:147,0
DA:166,0
DA:177,17
DA:178,0
DA:179,0
DA:181,0
DA:183,0
DA:184,0
DA:185,0
DA:186,0
DA:189,0
DA:191,0
DA:195,0
DA:196,0
DA:197,0
DA:198,0
DA:199,0
DA:201,0
DA:216,0
DA:227,17
DA:228,0
DA:229,0
DA:231,0
DA:233,0
DA:234,0
DA:240,0
DA:241,0
DA:244,0
DA:245,0
DA:247,0
DA:249,0
DA:253,0
DA:262,0
DA:273,17
DA:274,0
DA:275,0
DA:277,0
DA:288,0
DA:293,0
DA:304,17
DA:305,0
DA:306,0
DA:309,0
DA:310,0
DA:316,0
DA:323,0
DA:334,17
DA:335,0
DA:336,0
DA:339,0
DA:344,0
DA:355,17
DA:356,0
DA:357,0
DA:359,0
DA:360,0
DA:362,0
DA:366,0
DA:371,0
LF:113
LH:15
BRDA:15,0,0,0
BRDA:15,0,1,0
BRDA:43,1,0,0
BRDA:43,1,1,0
BRDA:44,2,0,0
BRDA:44,2,1,0
BRDA:71,3,0,0
BRDA:71,3,1,0
BRDA:72,4,0,0
BRDA:72,4,1,0
BRDA:81,5,0,0
BRDA:81,5,1,0
BRDA:97,6,0,0
BRDA:97,6,1,0
BRDA:100,7,0,0
BRDA:100,7,1,0
BRDA:106,8,0,0
BRDA:106,8,1,0
BRDA:120,9,0,0
BRDA:120,9,1,0
BRDA:121,10,0,0
BRDA:121,10,1,0
BRDA:125,11,0,0
BRDA:125,11,1,0
BRDA:127,12,0,0
BRDA:127,12,1,0
BRDA:136,13,0,0
BRDA:136,13,1,0
BRDA:141,14,0,0
BRDA:141,14,1,0
BRDA:183,15,0,0
BRDA:183,15,1,0
BRDA:184,16,0,0
BRDA:184,16,1,0
BRDA:185,17,0,0
BRDA:185,17,1,0
BRDA:189,18,0,0
BRDA:189,18,1,0
BRDA:211,19,0,0
BRDA:211,19,1,0
BRDA:233,20,0,0
BRDA:233,20,1,0
BRDA:233,21,0,0
BRDA:233,21,1,0
BRDA:247,22,0,0
BRDA:247,22,1,0
BRDA:309,23,0,0
BRDA:309,23,1,0
BRDA:319,24,0,0
BRDA:319,24,1,0
BRDA:360,25,0,0
BRDA:360,25,1,0
BRF:52
BRH:0
end_of_record
TN:
SF:controllers/teacherController.js
FN:11,(anonymous_0)
FN:38,(anonymous_1)
FN:58,(anonymous_2)
FN:88,(anonymous_3)
FN:114,(anonymous_4)
FN:127,(anonymous_5)
FN:128,(anonymous_6)
FN:160,(anonymous_7)
FN:205,(anonymous_8)
FN:216,(anonymous_9)
FN:247,(anonymous_10)
FN:262,(anonymous_11)
FN:286,(anonymous_12)
FN:295,(anonymous_13)
FN:334,(anonymous_14)
FN:368,(anonymous_15)
FN:381,(anonymous_16)
FN:388,(anonymous_17)
FN:390,(anonymous_18)
FN:428,(anonymous_19)
FN:459,(anonymous_20)
FNF:21
FNH:0
FNDA:0,(anonymous_0)
FNDA:0,(anonymous_1)
FNDA:0,(anonymous_2)
FNDA:0,(anonymous_3)
FNDA:0,(anonymous_4)
FNDA:0,(anonymous_5)
FNDA:0,(anonymous_6)
FNDA:0,(anonymous_7)
FNDA:0,(anonymous_8)
FNDA:0,(anonymous_9)
FNDA:0,(anonymous_10)
FNDA:0,(anonymous_11)
FNDA:0,(anonymous_12)
FNDA:0,(anonymous_13)
FNDA:0,(anonymous_14)
FNDA:0,(anonymous_15)
FNDA:0,(anonymous_16)
FNDA:0,(anonymous_17)
FNDA:0,(anonymous_18)
FNDA:0,(anonymous_19)
FNDA:0,(anonymous_20)
DA:1,17
DA:2,17
DA:3,17
DA:4,17
DA:5,17
DA:6,17
DA:11,17
DA:12,0
DA:13,0
DA:15,0
DA:16,0
DA:22,0
DA:27,0
DA:38,17
DA:39,0
DA:40,0
DA:42,0
DA:43,0
DA:50,0
DA:55,0
DA:56,0
DA:58,0
DA:59,0
DA:60,0
DA:61,0
DA:62,0
DA:69,0
DA:77,0
DA:88,17
DA:89,0
DA:90,0
DA:92,0
DA:98,0
DA:103,0
DA:114,17
DA:115,0
DA:116,0
DA:118,0
DA:119,0
DA:121,0
DA:126,0
DA:127,0
DA:128,0
DA:129,0
DA:130,0
DA:131,0
DA:132,0
DA:144,0
DA:149,0
DA:160,17
DA:161,0
DA:171,0
DA:173,0
DA:186,0
DA:188,0
DA:194,0
DA:205,17
DA:206,0
DA:214,0
DA:216,0
DA:228,0
DA:230,0
DA:236,0
DA:247,17
DA:248,0
DA:249,0
DA:251,0
DA:252,0
DA:254,0
DA:260,0
DA:261,0
DA:262,0
DA:263,0
DA:264,0
DA:270,0
DA:275,0
DA:286,17
DA:287,0
DA:293,0
DA:295,0
DA:305,0
DA:315,0
DA:317,0
DA:323,0
DA:334,17
DA:335,0
DA:336,0
DA:338,0
DA:339,0
DA:340,0
DA:345,0
DA:346,0
DA:348,0
DA:352,0
DA:357,0
DA:368,17
DA:369,0
DA:370,0
DA:373,0
DA:380,0
DA:381,0
DA:388,0
DA:389,0
DA:390,0
DA:394,0
DA:409,0
DA:411,0
DA:417,0
DA:428,17
DA:429,0
DA:430,0
DA:432,0
DA:443,0
DA:448,0
DA:459,17
DA:460,0
DA:461,0
DA:468,0
DA:473,0
LF:119
LH:18
BRDA:15,0,0,0
BRDA:15,0,1,0
BRDA:42,1,0,0
BRDA:42,1,1,0
BRDA:42,2,0,0
BRDA:42,2,1,0
BRDA:60,3,0,0
BRDA:60,3,1,0
BRDA:119,4,0,0
BRDA:119,4,1,0
BRDA:129,5,0,0
BRDA:129,5,1,0
BRDA:129,6,0,0
BRDA:129,6,1,0
BRDA:130,7,0,0
BRDA:130,7,1,0
BRDA:131,8,0,0
BRDA:131,8,1,0
BRDA:176,9,0,0
BRDA:176,9,1,0
BRDA:177,10,0,0
BRDA:177,10,1,0
BRDA:179,11,0,0
BRDA:179,11,1,0
BRDA:180,12,0,0
BRDA:180,12,1,0
BRDA:219,13,0,0
BRDA:219,13,1,0
BRDA:220,14,0,0
BRDA:220,14,1,0
BRDA:222,15,0,0
BRDA:222,15,1,0
BRDA:223,16,0,0
BRDA:223,16,1,0
BRDA:252,17,0,0
BRDA:252,17,1,0
BRDA:261,18,0,0
BRDA:261,18,1,0
BRDA:264,19,0,0
BRDA:264,19,1,0
BRDA:264,19,2,0
BRDA:264,19,3,0
BRDA:264,19,4,0
BRDA:298,20,0,0
BRDA:298,20,1,0
BRDA:339,21,0,0
BRDA:339,21,1,0
BRDA:345,22,0,0
BRDA:345,22,1,0
BRDA:346,23,0,0
BRDA:346,23,1,0
BRDA:382,24,0,0
BRDA:382,24,1,0
BRDA:383,25,0,0
BRDA:383,25,1,0
BRDA:389,26,0,0
BRDA:389,26,1,0
BRDA:396,27,0,0
BRDA:396,27,1,0
BRDA:397,28,0,0
BRDA:397,28,1,0
BRDA:404,29,0,0
BRDA:404,29,1,0
BRDA:405,30,0,0
BRDA:405,30,1,0
BRF:65
BRH:0
end_of_record
TN:
SF:controllers/timetableController.js
FN:7,(anonymous_0)
FN:54,(anonymous_1)
FN:94,(anonymous_2)
FN:123,(anonymous_3)
FN:162,(anonymous_4)
FN:191,(anonymous_5)
FN:205,(anonymous_6)
FN:219,(anonymous_7)
FN:261,(anonymous_8)
FN:275,(anonymous_9)
FN:297,(anonymous_10)
FN:330,(anonymous_11)
FN:370,(anonymous_12)
FN:390,(anonymous_13)
FN:391,(anonymous_14)
FN:431,(anonymous_15)
FN:451,(anonymous_16)
FNF:17
FNH:0
FNDA:0,(anonymous_0)
FNDA:0,(anonymous_1)
FNDA:0,(anonymous_2)
FNDA:0,(anonymous_3)
FNDA:0,(anonymous_4)
FNDA:0,(anonymous_5)
FNDA:0,(anonymous_6)
FNDA:0,(anonymous_7)
FNDA:0,(anonymous_8)
FNDA:0,(anonymous_9)
FNDA:0,(anonymous_10)
FNDA:0,(anonymous_11)
FNDA:0,(anonymous_12)
FNDA:0,(anonymous_13)
FNDA:0,(anonymous_14)
FNDA:0,(anonymous_15)
FNDA:0,(anonymous_16)
DA:1,17
DA:2,17
DA:7,17
DA:8,0
DA:9,0
DA:12,0
DA:19,0
DA:20,0
DA:26,0
DA:35,0
DA:37,0
DA:43,0
DA:54,17
DA:55,0
DA:56,0
DA:58,0
DA:59,0
DA:60,0
DA:61,0
DA:62,0
DA:64,0
DA:70,0
DA:72,0
DA:83,0
DA:94,17
DA:95,0
DA:96,0
DA:100,0
DA:101,0
DA:107,0
DA:112,0
DA:123,17
DA:124,0
DA:125,0
DA:127,0
DA:129,0
DA:130,0
DA:136,0
DA:137,0
DA:138,0
DA:139,0
DA:140,0
DA:141,0
DA:143,0
DA:145,0
DA:151,0
DA:162,17
DA:163,0
DA:164,0
DA:166,0
DA:167,0
DA:173,0
DA:175,0
DA:180,0
DA:191,17
DA:192,0
DA:193,0
DA:195,0
DA:197,0
DA:198,0
DA:205,0
DA:206,0
DA:211,0
DA:212,0
DA:219,0
DA:220,0
DA:225,0
DA:226,0
DA:232,0
DA:242,0
DA:244,0
DA:250,0
DA:261,17
DA:262,0
DA:263,0
DA:265,0
DA:267,0
DA:268,0
DA:274,0
DA:275,0
DA:278,0
DA:280,0
DA:286,0
DA:297,17
DA:298,0
DA:299,0
DA:301,0
DA:302,0
DA:308,0
DA:314,0
DA:319,0
DA:330,17
DA:331,0
DA:332,0
DA:334,0
DA:335,0
DA:341,0
DA:347,0
DA:348,0
DA:354,0
DA:359,0
DA:370,17
DA:371,0
DA:372,0
DA:374,0
DA:381,0
DA:382,0
DA:388,0
DA:390,0
DA:391,0
DA:392,0
DA:396,0
DA:397,0
DA:402,0
DA:403,0
DA:412,0
DA:420,0
DA:431,17
DA:432,0
DA:433,0
DA:435,0
DA:440,0
DA:451,17
DA:452,0
DA:453,0
DA:455,0
DA:460,0
LF:127
LH:14
BRDA:19,0,0,0
BRDA:19,0,1,0
BRDA:56,1,0,0
BRDA:56,2,0,0
BRDA:59,3,0,0
BRDA:59,3,1,0
BRDA:60,4,0,0
BRDA:60,4,1,0
BRDA:61,5,0,0
BRDA:61,5,1,0
BRDA:62,6,0,0
BRDA:62,6,1,0
BRDA:100,7,0,0
BRDA:100,7,1,0
BRDA:129,8,0,0
BRDA:129,8,1,0
BRDA:136,9,0,0
BRDA:136,9,1,0
BRDA:137,10,0,0
BRDA:137,10,1,0
BRDA:138,11,0,0
BRDA:138,11,1,0
BRDA:139,12,0,0
BRDA:139,12,1,0
BRDA:140,13,0,0
BRDA:140,13,1,0
BRDA:141,14,0,0
BRDA:141,14,1,0
BRDA:166,15,0,0
BRDA:166,15,1,0
BRDA:197,16,0,0
BRDA:197,16,1,0
BRDA:206,17,0,0
BRDA:206,17,1,0
BRDA:206,17,2,0
BRDA:211,18,0,0
BRDA:211,18,1,0
BRDA:220,19,0,0
BRDA:220,19,1,0
BRDA:220,19,2,0
BRDA:225,20,0,0
BRDA:225,20,1,0
BRDA:267,21,0,0
BRDA:267,21,1,0
BRDA:275,22,0,0
BRDA:275,22,1,0
BRDA:301,23,0,0
BRDA:301,23,1,0
BRDA:301,24,0,0
BRDA:301,24,1,0
BRDA:334,25,0,0
BRDA:334,25,1,0
BRDA:334,26,0,0
BRDA:334,26,1,0
BRDA:334,26,2,0
BRDA:347,27,0,0
BRDA:347,27,1,0
BRDA:381,28,0,0
BRDA:381,28,1,0
BRDA:392,29,0,0
BRDA:392,29,1,0
BRDA:393,30,0,0
BRDA:393,30,1,0
BRDA:396,31,0,0
BRDA:396,31,1,0
BRDA:402,32,0,0
BRDA:402,32,1,0
BRDA:402,33,0,0
BRDA:402,33,1,0
BRF:69
BRH:0
end_of_record
TN:
SF:controllers/userController.js
FN:3,(anonymous_0)
FN:9,(anonymous_1)
FN:28,(anonymous_2)
FNF:3
FNH:0
FNDA:0,(anonymous_0)
FNDA:0,(anonymous_1)
FNDA:0,(anonymous_2)
DA:1,17
DA:3,17
DA:4,0
DA:5,0
DA:6,0
DA:9,17
DA:10,0
DA:11,0
DA:12,0
DA:13,0
DA:14,0
DA:16,0
DA:21,0
DA:28,17
DA:29,0
DA:30,0
DA:31,0
DA:33,0
LF:18
LH:4
BRF:0
BRH:0
end_of_record
TN:
SF:middleware/authMiddleware.js
FN:9,(anonymous_0)
FN:66,(anonymous_1)
FN:67,(anonymous_2)
FN:82,(anonymous_3)
FN:83,(anonymous_4)
FN:115,(anonymous_5)
FN:116,(anonymous_6)
FN:164,(anonymous_7)
FNF:8
FNH:5
FNDA:75,(anonymous_0)
FNDA:612,(anonymous_1)
FNDA:3,(anonymous_2)
FNDA:1105,(anonymous_3)
FNDA:4,(anonymous_4)
FNDA:0,(anonymous_5)
FNDA:0,(anonymous_6)
FNDA:0,(anonymous_7)
DA:1,17
DA:2,17
DA:3,17
DA:4,17
DA:9,17
DA:10,75
DA:13,75
DA:14,59
DA:17,75
DA:18,16
DA:25,59
DA:28,38
DA:30,38
DA:31,30
DA:38,8
DA:39,0
DA:46,8
DA:47,0
DA:53,8
DA:54,8
DA:56,21
DA:66,17
DA:67,612
DA:68,3
DA:69,1
DA:74,2
DA:82,17
DA:83,1105
DA:84,4
DA:86,4
DA:87,1
DA:91,3
DA:93,3
DA:94,3
DA:100,0
DA:102,0
DA:115,17
DA:116,0
DA:117,0
DA:118,0
DA:120,0
DA:121,0
DA:128,0
DA:129,0
DA:130,0
DA:134,0
DA:136,0
DA:138,0
DA:142,0
DA:148,0
DA:149,0
DA:151,0
DA:164,17
DA:165,0
DA:167,0
DA:168,0
DA:171,0
DA:172,0
DA:174,0
DA:175,0
DA:178,0
DA:180,0
DA:181,0
DA:187,0
DA:193,0
DA:195,0
DA:196,0
DA:203,0
DA:205,0
DA:206,0
DA:213,0
DA:215,0
DA:223,17
LF:73
LH:35
BRDA:13,0,0,59
BRDA:13,0,1,16
BRDA:13,1,0,75
BRDA:13,1,1,59
BRDA:17,2,0,16
BRDA:17,2,1,59
BRDA:30,3,0,30
BRDA:30,3,1,8
BRDA:38,4,0,0
BRDA:38,4,1,8
BRDA:46,5,0,0
BRDA:46,5,1,8
BRDA:68,6,0,1
BRDA:68,6,1,2
BRDA:86,7,0,1
BRDA:86,7,1,3
BRDA:93,8,0,3
BRDA:93,8,1,0
BRDA:115,9,0,0
BRDA:120,10,0,0
BRDA:120,10,1,0
BRDA:128,11,0,0
BRDA:128,11,1,0
BRDA:136,12,0,0
BRDA:136,12,1,0
BRDA:136,13,0,0
BRDA:136,13,1,0
BRDA:138,14,0,0
BRDA:138,14,1,0
BRDA:167,15,0,0
BRDA:167,15,1,0
BRDA:172,16,0,0
BRDA:172,16,1,0
BRDA:174,17,0,0
BRDA:174,17,1,0
BRDA:180,18,0,0
BRDA:180,18,1,0
BRDA:187,19,0,0
BRDA:187,19,1,0
BRDA:193,20,0,0
BRDA:193,20,1,0
BRDA:195,21,0,0
BRDA:195,21,1,0
BRDA:203,22,0,0
BRDA:203,22,1,0
BRDA:205,23,0,0
BRDA:205,23,1,0
BRF:47
BRH:15
end_of_record
TN:
SF:middleware/errorHandler.js
FNF:0
FNH:0
LF:0
LH:0
BRF:0
BRH:0
end_of_record
TN:
SF:middleware/roleMiddleware.js
FNF:0
FNH:0
LF:0
LH:0
BRF:0
BRH:0
end_of_record
TN:
SF:models/AbsenceAlert.js
FN:116,(anonymous_0)
FN:137,(anonymous_1)
FN:150,(anonymous_2)
FN:159,(anonymous_3)
FN:162,(anonymous_4)
FN:175,(anonymous_5)
FN:186,(anonymous_6)
FNF:7
FNH:0
FNDA:0,(anonymous_0)
FNDA:0,(anonymous_1)
FNDA:0,(anonymous_2)
FNDA:0,(anonymous_3)
FNDA:0,(anonymous_4)
FNDA:0,(anonymous_5)
FNDA:0,(anonymous_6)
DA:1,17
DA:3,17
DA:109,17
DA:110,17
DA:111,17
DA:112,17
DA:113,17
DA:116,17
DA:117,0
DA:119,0
DA:120,0
DA:124,0
DA:127,0
DA:137,0
DA:145,0
DA:146,0
DA:150,17
DA:151,0
DA:157,0
DA:158,0
DA:159,0
DA:161,0
DA:162,0
DA:171,0
DA:175,17
DA:176,0
DA:186,17
DA:187,0
DA:195,17
LF:29
LH:12
BRDA:119,0,0,0
BRDA:119,0,1,0
BRDA:119,1,0,0
BRDA:119,1,1,0
BRDA:124,2,0,0
BRDA:124,2,1,0
BRDA:133,3,0,0
BRDA:133,3,1,0
BRDA:141,4,0,0
BRDA:141,4,1,0
BRDA:157,5,0,0
BRDA:157,5,1,0
BRDA:159,6,0,0
BRDA:159,6,1,0
BRF:14
BRH:0
end_of_record
TN:
SF:models/AcademicRecord.js
FN:134,(anonymous_0)
FN:149,(anonymous_1)
FN:158,(anonymous_2)
FN:169,(anonymous_3)
FN:179,(anonymous_4)
FN:187,(anonymous_5)
FN:195,(anonymous_6)
FN:205,(anonymous_7)
FN:216,(anonymous_8)
FN:228,(anonymous_9)
FN:252,(anonymous_10)
FN:281,(anonymous_11)
FN:289,(anonymous_12)
FN:299,(anonymous_13)
FN:301,(anonymous_14)
FN:306,(anonymous_15)
FN:322,(anonymous_16)
FNF:17
FNH:1
FNDA:2,(anonymous_0)
FNDA:0,(anonymous_1)
FNDA:0,(anonymous_2)
FNDA:0,(anonymous_3)
FNDA:0,(anonymous_4)
FNDA:0,(anonymous_5)
FNDA:0,(anonymous_6)
FNDA:0,(anonymous_7)
FNDA:0,(anonymous_8)
FNDA:0,(anonymous_9)
FNDA:0,(anonymous_10)
FNDA:0,(anonymous_11)
FNDA:0,(anonymous_12)
FNDA:0,(anonymous_13)
FNDA:0,(anonymous_14)
FNDA:0,(anonymous_15)
FNDA:0,(anonymous_16)
DA:1,17
DA:3,17
DA:127,17
DA:128,17
DA:129,17
DA:130,17
DA:131,17
DA:134,17
DA:136,2
DA:143,2
DA:149,17
DA:150,0
DA:151,0
DA:152,0
DA:158,17
DA:159,0
DA:160,0
DA:161,0
DA:162,0
DA:163,0
DA:169,17
DA:170,0
DA:171,0
DA:172,0
DA:173,0
DA:179,17
DA:180,0
DA:181,0
DA:187,17
DA:188,0
DA:189,0
DA:195,17
DA:196,0
DA:203,0
DA:205,0
DA:206,0
DA:216,17
DA:217,0
DA:224,0
DA:225,0
DA:228,0
DA:229,0
DA:231,0
DA:232,0
DA:233,0
DA:234,0
DA:235,0
DA:236,0
DA:237,0
DA:238,0
DA:239,0
DA:242,0
DA:252,17
DA:253,0
DA:254,0
DA:256,0
DA:257,0
DA:260,0
DA:269,0
DA:275,0
DA:281,17
DA:282,0
DA:287,0
DA:289,0
DA:298,0
DA:299,0
DA:300,0
DA:301,0
DA:302,0
DA:306,0
DA:307,0
DA:308,0
DA:309,0
DA:311,0
DA:312,0
DA:316,0
DA:317,0
DA:318,0
DA:322,0
DA:323,0
DA:324,0
DA:325,0
DA:330,0
DA:333,17
LF:84
LH:20
BRDA:137,0,0,2
BRDA:137,0,1,1
BRDA:138,1,0,2
BRDA:138,1,1,1
BRDA:139,2,0,2
BRDA:139,2,1,2
BRDA:140,3,0,2
BRDA:140,3,1,2
BRDA:141,4,0,2
BRDA:141,4,1,2
BRDA:203,5,0,0
BRDA:203,5,1,0
BRDA:224,6,0,0
BRDA:224,6,1,0
BRDA:232,7,0,0
BRDA:232,7,1,0
BRDA:234,8,0,0
BRDA:234,8,1,0
BRDA:236,9,0,0
BRDA:236,9,1,0
BRDA:238,10,0,0
BRDA:238,10,1,0
BRDA:298,11,0,0
BRDA:298,11,1,0
BRDA:300,12,0,0
BRDA:300,12,1,0
BRDA:308,13,0,0
BRDA:308,13,1,0
BRDA:323,14,0,0
BRDA:323,14,1,0
BRF:30
BRH:10
end_of_record
TN:
SF:models/AcademicYear.js
FN:67,(anonymous_0)
FN:80,(anonymous_1)
FN:87,(anonymous_2)
FNF:3
FNH:0
FNDA:0,(anonymous_0)
FNDA:0,(anonymous_1)
FNDA:0,(anonymous_2)
DA:1,17
DA:3,17
DA:61,17
DA:62,17
DA:67,17
DA:69,0
DA:73,0
DA:74,0
DA:80,17
DA:81,0
DA:87,17
DA:88,0
DA:91,17
LF:13
LH:8
BRF:0
BRH:0
end_of_record
TN:
SF:models/Announcement.js
FNF:0
FNH:0
DA:1,17
DA:3,17
DA:61,17
DA:62,17
DA:63,17
DA:65,17
LF:6
LH:6
BRF:0
BRH:0
end_of_record
TN:
SF:models/Attendance.js
FN:64,(anonymous_0)
FN:106,(anonymous_1)
FN:119,(anonymous_2)
FN:174,(anonymous_3)
FN:206,(anonymous_4)
FNF:5
FNH:0
FNDA:0,(anonymous_0)
FNDA:0,(anonymous_1)
FNDA:0,(anonymous_2)
FNDA:0,(anonymous_3)
FNDA:0,(anonymous_4)
DA:1,17
DA:3,17
DA:55,17
DA:56,17
DA:57,17
DA:58,17
DA:59,17
DA:64,17
DA:65,0
DA:71,0
DA:72,0
DA:74,0
DA:80,0
DA:81,0
DA:82,0
DA:83,0
DA:84,0
DA:85,0
DA:86,0
DA:88,0
DA:92,0
DA:93,0
DA:96,0
DA:100,0
DA:106,17
DA:107,0
DA:108,0
DA:110,0
DA:119,17
DA:120,0
DA:121,0
DA:123,0
DA:168,0
DA:174,17
DA:175,0
DA:177,0
DA:178,0
DA:181,0
DA:206,17
DA:207,0
DA:213,0
DA:214,0
DA:215,0
DA:217,0
DA:219,0
DA:220,0
DA:221,0
DA:222,0
DA:223,0
DA:226,0
DA:230,0
DA:231,0
DA:234,0
DA:238,0
DA:241,17
LF:55
LH:13
BRDA:80,0,0,0
BRDA:80,0,1,0
BRDA:83,1,0,0
BRDA:83,1,1,0
BRDA:177,2,0,0
BRDA:177,2,1,0
BRDA:217,3,0,0
BRDA:217,3,1,0
BRF:8
BRH:0
end_of_record
TN:
SF:models/AuditLog.js
FN:109,(anonymous_0)
FN:123,(anonymous_1)
FN:183,(anonymous_2)
FN:192,(anonymous_3)
FNF:4
FNH:1
FNDA:87,(anonymous_0)
FNDA:0,(anonymous_1)
FNDA:0,(anonymous_2)
FNDA:0,(anonymous_3)
DA:1,17
DA:3,17
DA:101,17
DA:102,17
DA:103,17
DA:104,17
DA:105,17
DA:106,17
DA:109,17
DA:110,87
DA:111,87
DA:115,87
DA:117,0
DA:123,17
DA:124,0
DA:127,0
DA:129,0
DA:130,0
DA:132,0
DA:133,0
DA:135,0
DA:136,0
DA:138,0
DA:139,0
DA:141,0
DA:144,0
DA:173,0
DA:183,17
DA:184,0
DA:192,17
DA:193,0
DA:207,17
LF:32
LH:16
BRDA:123,0,0,0
BRDA:127,1,0,0
BRDA:127,1,1,0
BRDA:127,1,2,0
BRDA:127,1,3,0
BRDA:127,1,4,0
BRDA:173,2,0,0
BRDA:173,2,1,0
BRDA:183,3,0,0
BRDA:192,4,0,0
BRF:10
BRH:0
end_of_record
TN:
SF:models/Certificate.js
FN:111,(anonymous_0)
FN:125,(anonymous_1)
FN:155,(anonymous_2)
FN:188,(anonymous_3)
FN:211,(anonymous_4)
FN:238,(anonymous_5)
FNF:6
FNH:0
FNDA:0,(anonymous_0)
FNDA:0,(anonymous_1)
FNDA:0,(anonymous_2)
FNDA:0,(anonymous_3)
FNDA:0,(anonymous_4)
FNDA:0,(anonymous_5)
DA:1,17
DA:3,17
DA:105,17
DA:106,17
DA:107,17
DA:108,17
DA:111,17
DA:112,0
DA:113,0
DA:114,0
DA:117,0
DA:118,0
DA:121,0
DA:125,17
DA:126,0
DA:150,0
DA:151,0
DA:155,17
DA:156,0
DA:183,0
DA:184,0
DA:188,17
DA:189,0
DA:206,0
DA:207,0
DA:211,17
DA:212,0
DA:233,0
DA:234,0
DA:238,17
DA:239,0
DA:247,17
LF:32
LH:13
BRDA:112,0,0,0
BRDA:112,0,1,0
BRDA:117,1,0,0
BRDA:117,1,1,0
BRDA:125,2,0,0
BRDA:144,3,0,0
BRDA:144,3,1,0
BRDA:145,4,0,0
BRDA:145,4,1,0
BRDA:155,5,0,0
BRDA:164,6,0,0
BRDA:164,6,1,0
BRDA:165,7,0,0
BRDA:165,7,1,0
BRDA:167,8,0,0
BRDA:167,8,1,0
BRDA:168,9,0,0
BRDA:168,9,1,0
BRDA:170,10,0,0
BRDA:170,10,1,0
BRDA:171,11,0,0
BRDA:171,11,1,0
BRDA:172,12,0,0
BRDA:172,12,1,0
BRDA:173,13,0,0
BRDA:173,13,1,0
BRDA:174,14,0,0
BRDA:174,14,1,0
BRDA:177,15,0,0
BRDA:177,15,1,0
BRDA:178,16,0,0
BRDA:178,16,1,0
BRDA:188,17,0,0
BRDA:200,18,0,0
BRDA:200,18,1,0
BRDA:201,19,0,0
BRDA:201,19,1,0
BRDA:211,20,0,0
BRDA:227,21,0,0
BRDA:227,21,1,0
BRDA:228,22,0,0
BRDA:228,22,1,0
BRDA:238,23,0,0
BRF:43
BRH:0
end_of_record
TN:
SF:models/ExamSchedule.js
FNF:0
FNH:0
DA:1,17
DA:3,17
DA:77,17
DA:78,17
DA:79,17
DA:80,17
DA:82,17
LF:7
LH:7
BRF:0
BRH:0
end_of_record
TN:
SF:models/Message.js
FN:84,(anonymous_0)
FN:119,(anonymous_1)
FN:135,(anonymous_2)
FNF:3
FNH:0
FNDA:0,(anonymous_0)
FNDA:0,(anonymous_1)
FNDA:0,(anonymous_2)
DA:1,17
DA:3,17
DA:77,17
DA:78,17
DA:79,17
DA:80,17
DA:81,17
DA:84,17
DA:85,0
DA:94,0
DA:100,0
DA:106,0
DA:119,17
DA:120,0
DA:130,0
DA:131,0
DA:135,17
DA:136,0
DA:146,0
DA:147,0
DA:150,17
LF:21
LH:11
BRDA:84,0,0,0
BRDA:84,1,0,0
BRDA:119,2,0,0
BRDA:135,3,0,0
BRF:4
BRH:0
end_of_record
TN:
SF:models/Parent.js
FNF:0
FNH:0
LF:0
LH:0
BRF:0
BRH:0
end_of_record
TN:
SF:models/Permission.js
FN:117,(anonymous_0)
FN:130,(anonymous_1)
FN:143,(anonymous_2)
FN:152,(anonymous_3)
FNF:4
FNH:2
FNDA:2,(anonymous_0)
FNDA:3,(anonymous_1)
FNDA:0,(anonymous_2)
FNDA:0,(anonymous_3)
DA:1,17
DA:4,17
DA:15,17
DA:29,17
DA:47,17
DA:117,17
DA:118,2
DA:119,6
DA:130,17
DA:131,3
DA:132,3
DA:134,0
DA:135,0
DA:137,0
DA:143,17
DA:144,0
DA:145,0
DA:146,0
DA:152,17
DA:153,0
DA:154,0
DA:157,0
DA:160,17
DA:162,17
DA:163,17
DA:164,17
DA:165,17
LF:27
LH:18
BRDA:132,0,0,3
BRDA:132,0,1,0
BRDA:135,1,0,0
BRDA:135,1,1,0
BRDA:137,2,0,0
BRDA:137,2,1,0
BRDA:145,3,0,0
BRDA:145,3,1,0
BRDA:154,4,0,0
BRDA:154,4,1,0
BRDA:154,5,0,0
BRDA:154,5,1,0
BRF:12
BRH:1
end_of_record
TN:
SF:models/Report.js
FNF:0
FNH:0
DA:1,17
DA:3,17
DA:82,17
DA:83,17
DA:84,17
DA:86,17
LF:6
LH:6
BRF:0
BRH:0
end_of_record
TN:
SF:models/Student.js
FNF:0
FNH:0
LF:0
LH:0
BRF:0
BRH:0
end_of_record
TN:
SF:models/Teacher.js
FNF:0
FNH:0
LF:0
LH:0
BRF:0
BRH:0
end_of_record
TN:
SF:models/Timetable.js
FN:72,(anonymous_0)
FN:73,(anonymous_1)
FN:83,(anonymous_2)
FN:84,(anonymous_3)
FN:85,(anonymous_4)
FN:91,(anonymous_5)
FN:95,(anonymous_6)
FN:96,(anonymous_7)
FN:112,(anonymous_8)
FN:123,(anonymous_9)
FNF:10
FNH:0
FNDA:0,(anonymous_0)
FNDA:0,(anonymous_1)
FNDA:0,(anonymous_2)
FNDA:0,(anonymous_3)
FNDA:0,(anonymous_4)
FNDA:0,(anonymous_5)
FNDA:0,(anonymous_6)
FNDA:0,(anonymous_7)
FNDA:0,(anonymous_8)
FNDA:0,(anonymous_9)
DA:1,17
DA:3,17
DA:65,17
DA:66,17
DA:67,17
DA:72,17
DA:73,0
DA:74,0
DA:83,17
DA:84,0
DA:85,0
DA:91,17
DA:92,0
DA:94,0
DA:95,0
DA:96,0
DA:97,0
DA:98,0
DA:112,0
DA:113,0
DA:114,0
DA:115,0
DA:116,0
DA:123,17
DA:124,0
DA:132,17
LF:26
LH:10
BRDA:74,0,0,0
BRDA:74,0,1,0
BRDA:74,0,2,0
BRDA:97,1,0,0
BRDA:97,1,1,0
BRDA:115,2,0,0
BRDA:115,2,1,0
BRF:7
BRH:0
end_of_record
TN:
SF:models/User.js
FN:220,(anonymous_0)
FN:225,(anonymous_1)
FNF:2
FNH:0
FNDA:0,(anonymous_0)
FNDA:0,(anonymous_1)
DA:1,17
DA:3,17
DA:213,17
DA:214,17
DA:215,17
DA:216,17
DA:217,17
DA:220,17
DA:221,0
DA:225,17
DA:226,0
DA:227,0
DA:228,0
DA:230,0
DA:233,17
LF:15
LH:10
BRDA:221,0,0,0
BRDA:221,0,1,0
BRDA:221,1,0,0
BRDA:221,1,1,0
BRDA:226,2,0,0
BRDA:226,2,1,0
BRDA:227,3,0,0
BRDA:227,3,1,0
BRF:8
BRH:0
end_of_record
TN:
SF:models/VerificationToken.js
FNF:0
FNH:0
DA:1,17
DA:3,17
DA:33,17
DA:34,17
DA:35,17
DA:39,17
LF:6
LH:6
BRF:0
BRH:0
end_of_record
